[model_load] step 1/1 | tok/s 0.0 | items/s 0.0 | gpu-peak 1.09/23.65 GiB | 100.0% | ETA 0:00:00
[probe_diagnostic] {"event": "probe_diagnostic", "diagnostic": "bad_case_routes", "attribute": "birth_city", "examples": 512}
[probe_diagnostic] {"event": "probe_diagnostic", "diagnostic": "bad_case_routes", "attribute": "birth_city", "examples": 1024}
[probe_diagnostic] {"event": "probe_diagnostic", "diagnostic": "bad_case_routes", "attribute": "birth_city", "examples": 1536}
[probe_diagnostic] {"event": "probe_diagnostic", "diagnostic": "bad_case_routes", "attribute": "birth_city", "examples": 2048}
[probe_diagnostic] {"event": "probe_diagnostic", "diagnostic": "bad_case_routes", "attribute": "birth_city", "examples": 2560}
[probe_diagnostic] {"event": "probe_diagnostic", "diagnostic": "bad_case_routes", "attribute": "birth_city", "examples": 3072}
[probe_diagnostic] {"event": "probe_diagnostic", "diagnostic": "bad_case_routes", "attribute": "birth_city", "examples": 3584}
[probe_diagnostic] {"event": "probe_diagnostic", "diagnostic": "bad_case_routes", "attribute": "birth_city", "examples": 4096}
[probe_diagnostic] {"event": "probe_diagnostic", "diagnostic": "bad_case_routes", "attribute": "birth_city", "examples": 4608}
[probe_diagnostic] {"event": "probe_diagnostic", "diagnostic": "bad_case_routes", "attribute": "birth_city", "examples": 5120}
[probe_diagnostic] {"event": "probe_diagnostic", "diagnostic": "bad_case_routes", "attribute": "birth_city", "examples": 5632}
[probe_diagnostic] {"event": "probe_diagnostic", "diagnostic": "bad_case_routes", "attribute": "birth_city", "examples": 6144}
[probe_diagnostic] {"event": "probe_diagnostic", "diagnostic": "bad_case_routes", "attribute": "birth_city", "examples": 6656}
[probe_diagnostic] {"event": "probe_diagnostic", "diagnostic": "bad_case_routes", "attribute": "birth_city", "examples": 7168}
[probe_diagnostic] {"event": "probe_diagnostic", "diagnostic": "bad_case_routes", "attribute": "birth_city", "examples": 7680}
[probe_diagnostic] {"event": "probe_diagnostic", "diagnostic": "bad_case_routes", "attribute": "birth_city", "examples": 8192}
[probe_diagnostic] {"event": "probe_diagnostic", "diagnostic": "bad_case_routes", "attribute": "birth_city", "examples": 8704}
[probe_diagnostic] {"event": "probe_diagnostic", "diagnostic": "bad_case_routes", "attribute": "birth_city", "examples": 9216}
[probe_diagnostic] {"event": "probe_diagnostic", "diagnostic": "bad_case_routes", "attribute": "birth_city", "examples": 9728}
[probe_diagnostic] {"event": "probe_diagnostic", "diagnostic": "bad_case_routes", "attribute": "birth_city", "examples": 10240}
[probe_diagnostic] {"event": "probe_diagnostic", "diagnostic": "bad_case_routes", "attribute": "birth_city", "examples": 10752}
[probe_diagnostic] {"event": "probe_diagnostic", "diagnostic": "bad_case_routes", "attribute": "birth_city", "examples": 11264}
[probe_diagnostic] {"event": "probe_diagnostic", "diagnostic": "bad_case_routes", "attribute": "birth_city", "examples": 11776}
[probe_diagnostic] {"event": "probe_diagnostic", "diagnostic": "bad_case_routes", "attribute": "birth_city", "examples": 12288}
[probe_diagnostic] {"event": "probe_diagnostic", "diagnostic": "bad_case_routes", "attribute": "birth_city", "examples": 12800}
[probe_diagnostic] {"event": "probe_diagnostic", "diagnostic": "bad_case_routes", "attribute": "birth_city", "examples": 13312}
[probe_diagnostic] {"event": "probe_diagnostic", "diagnostic": "bad_case_routes", "attribute": "birth_city", "examples": 13824}
[probe_diagnostic] {"event": "probe_diagnostic", "diagnostic": "bad_case_routes", "attribute": "birth_city", "examples": 14336}
[probe_diagnostic] {"event": "probe_diagnostic", "diagnostic": "bad_case_routes", "attribute": "birth_city", "examples": 14848}
[probe_diagnostic] {"event": "probe_diagnostic", "diagnostic": "bad_case_routes", "attribute": "birth_city", "examples": 15360}
[probe_diagnostic] {"event": "probe_diagnostic", "diagnostic": "bad_case_routes", "attribute": "birth_city", "examples": 15872}
[probe_diagnostic] {"event": "probe_diagnostic", "diagnostic": "bad_case_routes", "attribute": "birth_city", "examples": 16384}
[probe_diagnostic] {"event": "probe_diagnostic", "diagnostic": "bad_case_routes", "attribute": "birth_city", "examples": 16896}
[probe_diagnostic] {"event": "probe_diagnostic", "diagnostic": "bad_case_routes", "attribute": "birth_city", "examples": 17408}
[probe_diagnostic] {"event": "probe_diagnostic", "diagnostic": "bad_case_routes", "attribute": "birth_city", "examples": 17920}
[probe_diagnostic] {"event": "probe_diagnostic", "diagnostic": "bad_case_routes", "attribute": "birth_city", "examples": 18432}
[probe_diagnostic] {"event": "probe_diagnostic", "diagnostic": "bad_case_routes", "attribute": "birth_city", "examples": 18944}
[probe_diagnostic] {"event": "probe_diagnostic", "diagnostic": "bad_case_routes", "attribute": "birth_city", "examples": 19456}
[probe_diagnostic] {"event": "probe_diagnostic", "diagnostic": "bad_case_routes", "attribute": "birth_city", "examples": 19968}
[probe_diagnostic] {"event": "probe_diagnostic", "diagnostic": "bad_case_routes", "attribute": "birth_city", "examples": 20480}
[probe_diagnostic] {"event": "probe_diagnostic", "diagnostic": "bad_case_routes", "attribute": "birth_city", "examples": 20992}
[probe_diagnostic] {"event": "probe_diagnostic", "diagnostic": "bad_case_routes", "attribute": "birth_city", "examples": 21504}
[probe_diagnostic] {"event": "probe_diagnostic", "diagnostic": "bad_case_routes", "attribute": "birth_city", "examples": 22016}
[probe_diagnostic] {"event": "probe_diagnostic", "diagnostic": "bad_case_routes", "attribute": "birth_city", "examples": 22528}
[probe_diagnostic] {"event": "probe_diagnostic", "diagnostic": "bad_case_routes", "attribute": "birth_city", "examples": 23040}
[probe_diagnostic] {"event": "probe_diagnostic", "diagnostic": "bad_case_routes", "attribute": "birth_city", "examples": 23552}
[probe_diagnostic] {"event": "probe_diagnostic", "diagnostic": "bad_case_routes", "attribute": "birth_city", "examples": 24064}
[probe_diagnostic] {"event": "probe_diagnostic", "diagnostic": "bad_case_routes", "attribute": "birth_city", "examples": 24576}
[probe_diagnostic] {"event": "probe_diagnostic", "diagnostic": "bad_case_routes", "attribute": "birth_city", "examples": 25088}
[probe_diagnostic] {"event": "probe_diagnostic", "diagnostic": "bad_case_routes", "attribute": "birth_city", "examples": 25600}
[probe_diagnostic] {"event": "probe_diagnostic", "diagnostic": "bad_case_routes", "attribute": "birth_city", "examples": 26112}
[probe_diagnostic] {"event": "probe_diagnostic", "diagnostic": "bad_case_routes", "attribute": "birth_city", "examples": 26624}
[probe_diagnostic] {"event": "probe_diagnostic", "diagnostic": "bad_case_routes", "attribute": "birth_city", "examples": 27136}
[probe_diagnostic] {"event": "probe_diagnostic", "diagnostic": "bad_case_routes", "attribute": "birth_city", "examples": 27648}
[probe_diagnostic] {"event": "probe_diagnostic", "diagnostic": "bad_case_routes", "attribute": "birth_city", "examples": 28160}
[probe_diagnostic] {"event": "probe_diagnostic", "diagnostic": "bad_case_routes", "attribute": "birth_city", "examples": 28672}
[probe_diagnostic] {"event": "probe_diagnostic", "diagnostic": "bad_case_routes", "attribute": "birth_city", "examples": 29184}
[probe_diagnostic] {"event": "probe_diagnostic", "diagnostic": "bad_case_routes", "attribute": "birth_city", "examples": 29696}
[probe_diagnostic] {"event": "probe_diagnostic", "diagnostic": "bad_case_routes", "attribute": "birth_city", "examples": 30208}
[probe_diagnostic] {"event": "probe_diagnostic", "diagnostic": "bad_case_routes", "attribute": "birth_city", "examples": 30720}
[probe_diagnostic] {"event": "probe_diagnostic", "diagnostic": "bad_case_routes", "attribute": "birth_city", "examples": 31232}
[probe_diagnostic] {"event": "probe_diagnostic", "diagnostic": "bad_case_routes", "attribute": "birth_city", "examples": 31744}
[probe_diagnostic] {"event": "probe_diagnostic", "diagnostic": "bad_case_routes", "attribute": "birth_city", "examples": 32256}
[probe_diagnostic] {"event": "probe_diagnostic", "diagnostic": "bad_case_routes", "attribute": "birth_city", "examples": 32768}
[probe_diagnostic] {"event": "probe_diagnostic", "diagnostic": "bad_case_routes", "attribute": "birth_city", "examples": 33280}
[probe_diagnostic] {"event": "probe_diagnostic", "diagnostic": "bad_case_routes", "attribute": "birth_city", "examples": 33792}
[probe_diagnostic] {"event": "probe_diagnostic", "diagnostic": "bad_case_routes", "attribute": "birth_city", "examples": 34304}
[probe_diagnostic] {"event": "probe_diagnostic", "diagnostic": "bad_case_routes", "attribute": "birth_city", "examples": 34816}
[probe_diagnostic] {"event": "probe_diagnostic", "diagnostic": "bad_case_routes", "attribute": "birth_city", "examples": 35328}
[probe_diagnostic] {"event": "probe_diagnostic", "diagnostic": "bad_case_routes", "attribute": "birth_city", "examples": 35840}
[probe_diagnostic] {"event": "probe_diagnostic", "diagnostic": "bad_case_routes", "attribute": "birth_city", "examples": 36352}
[probe_diagnostic] {"event": "probe_diagnostic", "diagnostic": "bad_case_routes", "attribute": "birth_city", "examples": 36864}
[probe_diagnostic] {"event": "probe_diagnostic", "diagnostic": "bad_case_routes", "attribute": "birth_city", "examples": 37376}
[probe_diagnostic] {"event": "probe_diagnostic", "diagnostic": "bad_case_routes", "attribute": "birth_city", "examples": 37888}
[probe_diagnostic] {"event": "probe_diagnostic", "diagnostic": "bad_case_routes", "attribute": "birth_city", "examples": 38400}
[probe_diagnostic] {"event": "probe_diagnostic", "diagnostic": "bad_case_routes", "attribute": "birth_city", "examples": 38912}
[probe_diagnostic] {"event": "probe_diagnostic", "diagnostic": "bad_case_routes", "attribute": "birth_city", "examples": 39424}
[probe_diagnostic] {"event": "probe_diagnostic", "diagnostic": "bad_case_routes", "attribute": "birth_city", "examples": 39936}
[probe_diagnostic] {"event": "probe_diagnostic", "diagnostic": "bad_case_routes", "attribute": "birth_city", "examples": 40448}
[probe_diagnostic] {"event": "probe_diagnostic", "diagnostic": "bad_case_routes", "attribute": "birth_city", "examples": 40960}
[probe_diagnostic] {"event": "probe_diagnostic", "diagnostic": "bad_case_routes", "attribute": "birth_city", "examples": 41472}
[probe_diagnostic] {"event": "probe_diagnostic", "diagnostic": "bad_case_routes", "attribute": "birth_city", "examples": 41984}
[probe_diagnostic] {"event": "probe_diagnostic", "diagnostic": "bad_case_routes", "attribute": "birth_city", "examples": 42496}
[probe_diagnostic] {"event": "probe_diagnostic", "diagnostic": "bad_case_routes", "attribute": "birth_city", "examples": 43008}
[probe_diagnostic] {"event": "probe_diagnostic", "diagnostic": "bad_case_routes", "attribute": "birth_city", "examples": 43520}
[probe_diagnostic] {"event": "probe_diagnostic", "diagnostic": "bad_case_routes", "attribute": "birth_city", "examples": 44032}
[probe_diagnostic] {"event": "probe_diagnostic", "diagnostic": "bad_case_routes", "attribute": "birth_city", "examples": 44544}
[probe_diagnostic] {"event": "probe_diagnostic", "diagnostic": "bad_case_routes", "attribute": "birth_city", "examples": 45056}
[probe_diagnostic] {"event": "probe_diagnostic", "diagnostic": "bad_case_routes", "attribute": "birth_city", "examples": 45568}
[probe_diagnostic] {"event": "probe_diagnostic", "diagnostic": "bad_case_routes", "attribute": "birth_city", "examples": 46080}
[probe_diagnostic] {"event": "probe_diagnostic", "diagnostic": "bad_case_routes", "attribute": "birth_city", "examples": 46592}
[probe_diagnostic] {"event": "probe_diagnostic", "diagnostic": "bad_case_routes", "attribute": "birth_city", "examples": 47104}
[probe_diagnostic] {"event": "probe_diagnostic", "diagnostic": "bad_case_routes", "attribute": "birth_city", "examples": 47616}
[probe_diagnostic] {"event": "probe_diagnostic", "diagnostic": "bad_case_routes", "attribute": "birth_city", "examples": 48128}
[probe_diagnostic] {"event": "probe_diagnostic", "diagnostic": "bad_case_routes", "attribute": "birth_city", "examples": 48640}
[probe_diagnostic] {"event": "probe_diagnostic", "diagnostic": "bad_case_routes", "attribute": "birth_city", "examples": 49152}
[probe_diagnostic] {"event": "probe_diagnostic", "diagnostic": "bad_case_routes", "attribute": "birth_city", "examples": 49664}
[probe_diagnostic] {"event": "probe_diagnostic", "diagnostic": "bad_case_routes", "attribute": "birth_city", "examples": 50118}
[probe_diagnostic] {"event": "probe_diagnostic", "diagnostic": "bad_case_routes", "attribute": "university", "examples": 512}
[probe_diagnostic] {"event": "probe_diagnostic", "diagnostic": "bad_case_routes", "attribute": "university", "examples": 1024}
[probe_diagnostic] {"event": "probe_diagnostic", "diagnostic": "bad_case_routes", "attribute": "university", "examples": 1536}
[probe_diagnostic] {"event": "probe_diagnostic", "diagnostic": "bad_case_routes", "attribute": "university", "examples": 2048}
[probe_diagnostic] {"event": "probe_diagnostic", "diagnostic": "bad_case_routes", "attribute": "university", "examples": 2560}
[probe_diagnostic] {"event": "probe_diagnostic", "diagnostic": "bad_case_routes", "attribute": "university", "examples": 3072}
[probe_diagnostic] {"event": "probe_diagnostic", "diagnostic": "bad_case_routes", "attribute": "university", "examples": 3584}
[probe_diagnostic] {"event": "probe_diagnostic", "diagnostic": "bad_case_routes", "attribute": "university", "examples": 4096}
[probe_diagnostic] {"event": "probe_diagnostic", "diagnostic": "bad_case_routes", "attribute": "university", "examples": 4608}
[probe_diagnostic] {"event": "probe_diagnostic", "diagnostic": "bad_case_routes", "attribute": "university", "examples": 5120}
[probe_diagnostic] {"event": "probe_diagnostic", "diagnostic": "bad_case_routes", "attribute": "university", "examples": 5632}
[probe_diagnostic] {"event": "probe_diagnostic", "diagnostic": "bad_case_routes", "attribute": "university", "examples": 6144}
[probe_diagnostic] {"event": "probe_diagnostic", "diagnostic": "bad_case_routes", "attribute": "university", "examples": 6656}
[probe_diagnostic] {"event": "probe_diagnostic", "diagnostic": "bad_case_routes", "attribute": "university", "examples": 7168}
[probe_diagnostic] {"event": "probe_diagnostic", "diagnostic": "bad_case_routes", "attribute": "university", "examples": 7680}
[probe_diagnostic] {"event": "probe_diagnostic", "diagnostic": "bad_case_routes", "attribute": "university", "examples": 8192}
[probe_diagnostic] {"event": "probe_diagnostic", "diagnostic": "bad_case_routes", "attribute": "university", "examples": 8704}
[probe_diagnostic] {"event": "probe_diagnostic", "diagnostic": "bad_case_routes", "attribute": "university", "examples": 9216}
[probe_diagnostic] {"event": "probe_diagnostic", "diagnostic": "bad_case_routes", "attribute": "university", "examples": 9728}
[probe_diagnostic] {"event": "probe_diagnostic", "diagnostic": "bad_case_routes", "attribute": "university", "examples": 10240}
[probe_diagnostic] {"event": "probe_diagnostic", "diagnostic": "bad_case_routes", "attribute": "university", "examples": 10752}
[probe_diagnostic] {"event": "probe_diagnostic", "diagnostic": "bad_case_routes", "attribute": "university", "examples": 11264}
[probe_diagnostic] {"event": "probe_diagnostic", "diagnostic": "bad_case_routes", "attribute": "university", "examples": 11776}
[probe_diagnostic] {"event": "probe_diagnostic", "diagnostic": "bad_case_routes", "attribute": "university", "examples": 12288}
[probe_diagnostic] {"event": "probe_diagnostic", "diagnostic": "bad_case_routes", "attribute": "university", "examples": 12800}
[probe_diagnostic] {"event": "probe_diagnostic", "diagnostic": "bad_case_routes", "attribute": "university", "examples": 13312}
[probe_diagnostic] {"event": "probe_diagnostic", "diagnostic": "bad_case_routes", "attribute": "university", "examples": 13824}
[probe_diagnostic] {"event": "probe_diagnostic", "diagnostic": "bad_case_routes", "attribute": "university", "examples": 14336}
[probe_diagnostic] {"event": "probe_diagnostic", "diagnostic": "bad_case_routes", "attribute": "university", "examples": 14848}
[probe_diagnostic] {"event": "probe_diagnostic", "diagnostic": "bad_case_routes", "attribute": "university", "examples": 15360}
[probe_diagnostic] {"event": "probe_diagnostic", "diagnostic": "bad_case_routes", "attribute": "university", "examples": 15872}
[probe_diagnostic] {"event": "probe_diagnostic", "diagnostic": "bad_case_routes", "attribute": "university", "examples": 16384}
[probe_diagnostic] {"event": "probe_diagnostic", "diagnostic": "bad_case_routes", "attribute": "university", "examples": 16896}
[probe_diagnostic] {"event": "probe_diagnostic", "diagnostic": "bad_case_routes", "attribute": "university", "examples": 17408}
[probe_diagnostic] {"event": "probe_diagnostic", "diagnostic": "bad_case_routes", "attribute": "university", "examples": 17920}
[probe_diagnostic] {"event": "probe_diagnostic", "diagnostic": "bad_case_routes", "attribute": "university", "examples": 18432}
[probe_diagnostic] {"event": "probe_diagnostic", "diagnostic": "bad_case_routes", "attribute": "university", "examples": 18944}
[probe_diagnostic] {"event": "probe_diagnostic", "diagnostic": "bad_case_routes", "attribute": "university", "examples": 19456}
[probe_diagnostic] {"event": "probe_diagnostic", "diagnostic": "bad_case_routes", "attribute": "university", "examples": 19968}
[probe_diagnostic] {"event": "probe_diagnostic", "diagnostic": "bad_case_routes", "attribute": "university", "examples": 20480}
[probe_diagnostic] {"event": "probe_diagnostic", "diagnostic": "bad_case_routes", "attribute": "university", "examples": 20992}
[probe_diagnostic] {"event": "probe_diagnostic", "diagnostic": "bad_case_routes", "attribute": "university", "examples": 21504}
[probe_diagnostic] {"event": "probe_diagnostic", "diagnostic": "bad_case_routes", "attribute": "university", "examples": 22016}
[probe_diagnostic] {"event": "probe_diagnostic", "diagnostic": "bad_case_routes", "attribute": "university", "examples": 22528}
[probe_diagnostic] {"event": "probe_diagnostic", "diagnostic": "bad_case_routes", "attribute": "university", "examples": 23040}
[probe_diagnostic] {"event": "probe_diagnostic", "diagnostic": "bad_case_routes", "attribute": "university", "examples": 23552}
[probe_diagnostic] {"event": "probe_diagnostic", "diagnostic": "bad_case_routes", "attribute": "university", "examples": 24064}
[probe_diagnostic] {"event": "probe_diagnostic", "diagnostic": "bad_case_routes", "attribute": "university", "examples": 24576}
[probe_diagnostic] {"event": "probe_diagnostic", "diagnostic": "bad_case_routes", "attribute": "university", "examples": 25088}
[probe_diagnostic] {"event": "probe_diagnostic", "diagnostic": "bad_case_routes", "attribute": "university", "examples": 25600}
[probe_diagnostic] {"event": "probe_diagnostic", "diagnostic": "bad_case_routes", "attribute": "university", "examples": 26112}
[probe_diagnostic] {"event": "probe_diagnostic", "diagnostic": "bad_case_routes", "attribute": "university", "examples": 26624}
[probe_diagnostic] {"event": "probe_diagnostic", "diagnostic": "bad_case_routes", "attribute": "university", "examples": 27136}
[probe_diagnostic] {"event": "probe_diagnostic", "diagnostic": "bad_case_routes", "attribute": "university", "examples": 27648}
[probe_diagnostic] {"event": "probe_diagnostic", "diagnostic": "bad_case_routes", "attribute": "university", "examples": 28160}
[probe_diagnostic] {"event": "probe_diagnostic", "diagnostic": "bad_case_routes", "attribute": "university", "examples": 28672}
[probe_diagnostic] {"event": "probe_diagnostic", "diagnostic": "bad_case_routes", "attribute": "university", "examples": 29184}
[probe_diagnostic] {"event": "probe_diagnostic", "diagnostic": "bad_case_routes", "attribute": "university", "examples": 29696}
[probe_diagnostic] {"event": "probe_diagnostic", "diagnostic": "bad_case_routes", "attribute": "university", "examples": 30208}
[probe_diagnostic] {"event": "probe_diagnostic", "diagnostic": "bad_case_routes", "attribute": "university", "examples": 30720}
[probe_diagnostic] {"event": "probe_diagnostic", "diagnostic": "bad_case_routes", "attribute": "university", "examples": 31232}
[probe_diagnostic] {"event": "probe_diagnostic", "diagnostic": "bad_case_routes", "attribute": "university", "examples": 31744}
[probe_diagnostic] {"event": "probe_diagnostic", "diagnostic": "bad_case_routes", "attribute": "university", "examples": 32256}
[probe_diagnostic] {"event": "probe_diagnostic", "diagnostic": "bad_case_routes", "attribute": "university", "examples": 32768}
[probe_diagnostic] {"event": "probe_diagnostic", "diagnostic": "bad_case_routes", "attribute": "university", "examples": 33280}
[probe_diagnostic] {"event": "probe_diagnostic", "diagnostic": "bad_case_routes", "attribute": "university", "examples": 33792}
[probe_diagnostic] {"event": "probe_diagnostic", "diagnostic": "bad_case_routes", "attribute": "university", "examples": 34304}
[probe_diagnostic] {"event": "probe_diagnostic", "diagnostic": "bad_case_routes", "attribute": "university", "examples": 34816}
[probe_diagnostic] {"event": "probe_diagnostic", "diagnostic": "bad_case_routes", "attribute": "university", "examples": 35328}
[probe_diagnostic] {"event": "probe_diagnostic", "diagnostic": "bad_case_routes", "attribute": "university", "examples": 35840}
[probe_diagnostic] {"event": "probe_diagnostic", "diagnostic": "bad_case_routes", "attribute": "university", "examples": 36352}
[probe_diagnostic] {"event": "probe_diagnostic", "diagnostic": "bad_case_routes", "attribute": "university", "examples": 36864}
[probe_diagnostic] {"event": "probe_diagnostic", "diagnostic": "bad_case_routes", "attribute": "university", "examples": 37376}
[probe_diagnostic] {"event": "probe_diagnostic", "diagnostic": "bad_case_routes", "attribute": "university", "examples": 37888}
[probe_diagnostic] {"event": "probe_diagnostic", "diagnostic": "bad_case_routes", "attribute": "university", "examples": 38400}
[probe_diagnostic] {"event": "probe_diagnostic", "diagnostic": "bad_case_routes", "attribute": "university", "examples": 38912}
[probe_diagnostic] {"event": "probe_diagnostic", "diagnostic": "bad_case_routes", "attribute": "university", "examples": 39424}
[probe_diagnostic] {"event": "probe_diagnostic", "diagnostic": "bad_case_routes", "attribute": "university", "examples": 39936}
[probe_diagnostic] {"event": "probe_diagnostic", "diagnostic": "bad_case_routes", "attribute": "university", "examples": 40448}
[probe_diagnostic] {"event": "probe_diagnostic", "diagnostic": "bad_case_routes", "attribute": "university", "examples": 40960}
[probe_diagnostic] {"event": "probe_diagnostic", "diagnostic": "bad_case_routes", "attribute": "university", "examples": 41472}
[probe_diagnostic] {"event": "probe_diagnostic", "diagnostic": "bad_case_routes", "attribute": "university", "examples": 41984}
[probe_diagnostic] {"event": "probe_diagnostic", "diagnostic": "bad_case_routes", "attribute": "university", "examples": 42496}
[probe_diagnostic] {"event": "probe_diagnostic", "diagnostic": "bad_case_routes", "attribute": "university", "examples": 43008}
[probe_diagnostic] {"event": "probe_diagnostic", "diagnostic": "bad_case_routes", "attribute": "university", "examples": 43520}
[probe_diagnostic] {"event": "probe_diagnostic", "diagnostic": "bad_case_routes", "attribute": "university", "examples": 44032}
[probe_diagnostic] {"event": "probe_diagnostic", "diagnostic": "bad_case_routes", "attribute": "university", "examples": 44544}
[probe_diagnostic] {"event": "probe_diagnostic", "diagnostic": "bad_case_routes", "attribute": "university", "examples": 45056}
[probe_diagnostic] {"event": "probe_diagnostic", "diagnostic": "bad_case_routes", "attribute": "university", "examples": 45568}
[probe_diagnostic] {"event": "probe_diagnostic", "diagnostic": "bad_case_routes", "attribute": "university", "examples": 46080}
[probe_diagnostic] {"event": "probe_diagnostic", "diagnostic": "bad_case_routes", "attribute": "university", "examples": 46592}
[probe_diagnostic] {"event": "probe_diagnostic", "diagnostic": "bad_case_routes", "attribute": "university", "examples": 47104}
[probe_diagnostic] {"event": "probe_diagnostic", "diagnostic": "bad_case_routes", "attribute": "university", "examples": 47616}
[probe_diagnostic] {"event": "probe_diagnostic", "diagnostic": "bad_case_routes", "attribute": "university", "examples": 48128}
[probe_diagnostic] {"event": "probe_diagnostic", "diagnostic": "bad_case_routes", "attribute": "university", "examples": 48640}
[probe_diagnostic] {"event": "probe_diagnostic", "diagnostic": "bad_case_routes", "attribute": "university", "examples": 49152}
[probe_diagnostic] {"event": "probe_diagnostic", "diagnostic": "bad_case_routes", "attribute": "university", "examples": 49664}
[probe_diagnostic] {"event": "probe_diagnostic", "diagnostic": "bad_case_routes", "attribute": "university", "examples": 50118}
[probe_diagnostic] {"event": "probe_diagnostic", "diagnostic": "bad_case_routes", "attribute": "major", "examples": 512}
[probe_diagnostic] {"event": "probe_diagnostic", "diagnostic": "bad_case_routes", "attribute": "major", "examples": 1024}
[probe_diagnostic] {"event": "probe_diagnostic", "diagnostic": "bad_case_routes", "attribute": "major", "examples": 1536}
[probe_diagnostic] {"event": "probe_diagnostic", "diagnostic": "bad_case_routes", "attribute": "major", "examples": 2048}
[probe_diagnostic] {"event": "probe_diagnostic", "diagnostic": "bad_case_routes", "attribute": "major", "examples": 2560}
[probe_diagnostic] {"event": "probe_diagnostic", "diagnostic": "bad_case_routes", "attribute": "major", "examples": 3072}
[probe_diagnostic] {"event": "probe_diagnostic", "diagnostic": "bad_case_routes", "attribute": "major", "examples": 3584}
[probe_diagnostic] {"event": "probe_diagnostic", "diagnostic": "bad_case_routes", "attribute": "major", "examples": 4096}
[probe_diagnostic] {"event": "probe_diagnostic", "diagnostic": "bad_case_routes", "attribute": "major", "examples": 4608}
[probe_diagnostic] {"event": "probe_diagnostic", "diagnostic": "bad_case_routes", "attribute": "major", "examples": 5120}
[probe_diagnostic] {"event": "probe_diagnostic", "diagnostic": "bad_case_routes", "attribute": "major", "examples": 5632}
[probe_diagnostic] {"event": "probe_diagnostic", "diagnostic": "bad_case_routes", "attribute": "major", "examples": 6144}
[probe_diagnostic] {"event": "probe_diagnostic", "diagnostic": "bad_case_routes", "attribute": "major", "examples": 6656}
[probe_diagnostic] {"event": "probe_diagnostic", "diagnostic": "bad_case_routes", "attribute": "major", "examples": 7168}
[probe_diagnostic] {"event": "probe_diagnostic", "diagnostic": "bad_case_routes", "attribute": "major", "examples": 7680}
[probe_diagnostic] {"event": "probe_diagnostic", "diagnostic": "bad_case_routes", "attribute": "major", "examples": 8192}
[probe_diagnostic] {"event": "probe_diagnostic", "diagnostic": "bad_case_routes", "attribute": "major", "examples": 8704}
[probe_diagnostic] {"event": "probe_diagnostic", "diagnostic": "bad_case_routes", "attribute": "major", "examples": 9216}
[probe_diagnostic] {"event": "probe_diagnostic", "diagnostic": "bad_case_routes", "attribute": "major", "examples": 9728}
[probe_diagnostic] {"event": "probe_diagnostic", "diagnostic": "bad_case_routes", "attribute": "major", "examples": 10240}
[probe_diagnostic] {"event": "probe_diagnostic", "diagnostic": "bad_case_routes", "attribute": "major", "examples": 10752}
[probe_diagnostic] {"event": "probe_diagnostic", "diagnostic": "bad_case_routes", "attribute": "major", "examples": 11264}
[probe_diagnostic] {"event": "probe_diagnostic", "diagnostic": "bad_case_routes", "attribute": "major", "examples": 11776}
[probe_diagnostic] {"event": "probe_diagnostic", "diagnostic": "bad_case_routes", "attribute": "major", "examples": 12288}
[probe_diagnostic] {"event": "probe_diagnostic", "diagnostic": "bad_case_routes", "attribute": "major", "examples": 12800}
[probe_diagnostic] {"event": "probe_diagnostic", "diagnostic": "bad_case_routes", "attribute": "major", "examples": 13312}
[probe_diagnostic] {"event": "probe_diagnostic", "diagnostic": "bad_case_routes", "attribute": "major", "examples": 13824}
[probe_diagnostic] {"event": "probe_diagnostic", "diagnostic": "bad_case_routes", "attribute": "major", "examples": 14336}
[probe_diagnostic] {"event": "probe_diagnostic", "diagnostic": "bad_case_routes", "attribute": "major", "examples": 14848}
[probe_diagnostic] {"event": "probe_diagnostic", "diagnostic": "bad_case_routes", "attribute": "major", "examples": 15360}
[probe_diagnostic] {"event": "probe_diagnostic", "diagnostic": "bad_case_routes", "attribute": "major", "examples": 15872}
[probe_diagnostic] {"event": "probe_diagnostic", "diagnostic": "bad_case_routes", "attribute": "major", "examples": 16384}
[probe_diagnostic] {"event": "probe_diagnostic", "diagnostic": "bad_case_routes", "attribute": "major", "examples": 16896}
[probe_diagnostic] {"event": "probe_diagnostic", "diagnostic": "bad_case_routes", "attribute": "major", "examples": 17408}
[probe_diagnostic] {"event": "probe_diagnostic", "diagnostic": "bad_case_routes", "attribute": "major", "examples": 17920}
[probe_diagnostic] {"event": "probe_diagnostic", "diagnostic": "bad_case_routes", "attribute": "major", "examples": 18432}
[probe_diagnostic] {"event": "probe_diagnostic", "diagnostic": "bad_case_routes", "attribute": "major", "examples": 18944}
[probe_diagnostic] {"event": "probe_diagnostic", "diagnostic": "bad_case_routes", "attribute": "major", "examples": 19456}
[probe_diagnostic] {"event": "probe_diagnostic", "diagnostic": "bad_case_routes", "attribute": "major", "examples": 19968}
[probe_diagnostic] {"event": "probe_diagnostic", "diagnostic": "bad_case_routes", "attribute": "major", "examples": 20480}
[probe_diagnostic] {"event": "probe_diagnostic", "diagnostic": "bad_case_routes", "attribute": "major", "examples": 20992}
[probe_diagnostic] {"event": "probe_diagnostic", "diagnostic": "bad_case_routes", "attribute": "major", "examples": 21504}
[probe_diagnostic] {"event": "probe_diagnostic", "diagnostic": "bad_case_routes", "attribute": "major", "examples": 22016}
[probe_diagnostic] {"event": "probe_diagnostic", "diagnostic": "bad_case_routes", "attribute": "major", "examples": 22528}
[probe_diagnostic] {"event": "probe_diagnostic", "diagnostic": "bad_case_routes", "attribute": "major", "examples": 23040}
[probe_diagnostic] {"event": "probe_diagnostic", "diagnostic": "bad_case_routes", "attribute": "major", "examples": 23552}
[probe_diagnostic] {"event": "probe_diagnostic", "diagnostic": "bad_case_routes", "attribute": "major", "examples": 24064}
[probe_diagnostic] {"event": "probe_diagnostic", "diagnostic": "bad_case_routes", "attribute": "major", "examples": 24576}
[probe_diagnostic] {"event": "probe_diagnostic", "diagnostic": "bad_case_routes", "attribute": "major", "examples": 25088}
[probe_diagnostic] {"event": "probe_diagnostic", "diagnostic": "bad_case_routes", "attribute": "major", "examples": 25600}
[probe_diagnostic] {"event": "probe_diagnostic", "diagnostic": "bad_case_routes", "attribute": "major", "examples": 26112}
[probe_diagnostic] {"event": "probe_diagnostic", "diagnostic": "bad_case_routes", "attribute": "major", "examples": 26624}
[probe_diagnostic] {"event": "probe_diagnostic", "diagnostic": "bad_case_routes", "attribute": "major", "examples": 27136}
[probe_diagnostic] {"event": "probe_diagnostic", "diagnostic": "bad_case_routes", "attribute": "major", "examples": 27648}
[probe_diagnostic] {"event": "probe_diagnostic", "diagnostic": "bad_case_routes", "attribute": "major", "examples": 28160}
[probe_diagnostic] {"event": "probe_diagnostic", "diagnostic": "bad_case_routes", "attribute": "major", "examples": 28672}
[probe_diagnostic] {"event": "probe_diagnostic", "diagnostic": "bad_case_routes", "attribute": "major", "examples": 29184}
[probe_diagnostic] {"event": "probe_diagnostic", "diagnostic": "bad_case_routes", "attribute": "major", "examples": 29696}
[probe_diagnostic] {"event": "probe_diagnostic", "diagnostic": "bad_case_routes", "attribute": "major", "examples": 30208}
[probe_diagnostic] {"event": "probe_diagnostic", "diagnostic": "bad_case_routes", "attribute": "major", "examples": 30720}
[probe_diagnostic] {"event": "probe_diagnostic", "diagnostic": "bad_case_routes", "attribute": "major", "examples": 31232}
[probe_diagnostic] {"event": "probe_diagnostic", "diagnostic": "bad_case_routes", "attribute": "major", "examples": 31744}
[probe_diagnostic] {"event": "probe_diagnostic", "diagnostic": "bad_case_routes", "attribute": "major", "examples": 32256}
[probe_diagnostic] {"event": "probe_diagnostic", "diagnostic": "bad_case_routes", "attribute": "major", "examples": 32768}
[probe_diagnostic] {"event": "probe_diagnostic", "diagnostic": "bad_case_routes", "attribute": "major", "examples": 33280}
[probe_diagnostic] {"event": "probe_diagnostic", "diagnostic": "bad_case_routes", "attribute": "major", "examples": 33792}
[probe_diagnostic] {"event": "probe_diagnostic", "diagnostic": "bad_case_routes", "attribute": "major", "examples": 34304}
[probe_diagnostic] {"event": "probe_diagnostic", "diagnostic": "bad_case_routes", "attribute": "major", "examples": 34816}
[probe_diagnostic] {"event": "probe_diagnostic", "diagnostic": "bad_case_routes", "attribute": "major", "examples": 35328}
[probe_diagnostic] {"event": "probe_diagnostic", "diagnostic": "bad_case_routes", "attribute": "major", "examples": 35840}
[probe_diagnostic] {"event": "probe_diagnostic", "diagnostic": "bad_case_routes", "attribute": "major", "examples": 36352}
[probe_diagnostic] {"event": "probe_diagnostic", "diagnostic": "bad_case_routes", "attribute": "major", "examples": 36864}
[probe_diagnostic] {"event": "probe_diagnostic", "diagnostic": "bad_case_routes", "attribute": "major", "examples": 37376}
[probe_diagnostic] {"event": "probe_diagnostic", "diagnostic": "bad_case_routes", "attribute": "major", "examples": 37888}
[probe_diagnostic] {"event": "probe_diagnostic", "diagnostic": "bad_case_routes", "attribute": "major", "examples": 38400}
[probe_diagnostic] {"event": "probe_diagnostic", "diagnostic": "bad_case_routes", "attribute": "major", "examples": 38912}
[probe_diagnostic] {"event": "probe_diagnostic", "diagnostic": "bad_case_routes", "attribute": "major", "examples": 39424}
[probe_diagnostic] {"event": "probe_diagnostic", "diagnostic": "bad_case_routes", "attribute": "major", "examples": 39936}
[probe_diagnostic] {"event": "probe_diagnostic", "diagnostic": "bad_case_routes", "attribute": "major", "examples": 40448}
[probe_diagnostic] {"event": "probe_diagnostic", "diagnostic": "bad_case_routes", "attribute": "major", "examples": 40960}
[probe_diagnostic] {"event": "probe_diagnostic", "diagnostic": "bad_case_routes", "attribute": "major", "examples": 41472}
[probe_diagnostic] {"event": "probe_diagnostic", "diagnostic": "bad_case_routes", "attribute": "major", "examples": 41984}
[probe_diagnostic] {"event": "probe_diagnostic", "diagnostic": "bad_case_routes", "attribute": "major", "examples": 42496}
[probe_diagnostic] {"event": "probe_diagnostic", "diagnostic": "bad_case_routes", "attribute": "major", "examples": 43008}
[probe_diagnostic] {"event": "probe_diagnostic", "diagnostic": "bad_case_routes", "attribute": "major", "examples": 43520}
[probe_diagnostic] {"event": "probe_diagnostic", "diagnostic": "bad_case_routes", "attribute": "major", "examples": 44032}
[probe_diagnostic] {"event": "probe_diagnostic", "diagnostic": "bad_case_routes", "attribute": "major", "examples": 44544}
[probe_diagnostic] {"event": "probe_diagnostic", "diagnostic": "bad_case_routes", "attribute": "major", "examples": 45056}
[probe_diagnostic] {"event": "probe_diagnostic", "diagnostic": "bad_case_routes", "attribute": "major", "examples": 45568}
[probe_diagnostic] {"event": "probe_diagnostic", "diagnostic": "bad_case_routes", "attribute": "major", "examples": 46080}
[probe_diagnostic] {"event": "probe_diagnostic", "diagnostic": "bad_case_routes", "attribute": "major", "examples": 46592}
[probe_diagnostic] {"event": "probe_diagnostic", "diagnostic": "bad_case_routes", "attribute": "major", "examples": 47104}
[probe_diagnostic] {"event": "probe_diagnostic", "diagnostic": "bad_case_routes", "attribute": "major", "examples": 47616}
[probe_diagnostic] {"event": "probe_diagnostic", "diagnostic": "bad_case_routes", "attribute": "major", "examples": 48128}
[probe_diagnostic] {"event": "probe_diagnostic", "diagnostic": "bad_case_routes", "attribute": "major", "examples": 48640}
[probe_diagnostic] {"event": "probe_diagnostic", "diagnostic": "bad_case_routes", "attribute": "major", "examples": 49152}
[probe_diagnostic] {"event": "probe_diagnostic", "diagnostic": "bad_case_routes", "attribute": "major", "examples": 49664}
[probe_diagnostic] {"event": "probe_diagnostic", "diagnostic": "bad_case_routes", "attribute": "major", "examples": 50118}
[probe_diagnostic] {"event": "probe_diagnostic", "diagnostic": "bad_case_routes", "attribute": "company", "examples": 512}
[probe_diagnostic] {"event": "probe_diagnostic", "diagnostic": "bad_case_routes", "attribute": "company", "examples": 1024}
[probe_diagnostic] {"event": "probe_diagnostic", "diagnostic": "bad_case_routes", "attribute": "company", "examples": 1536}
[probe_diagnostic] {"event": "probe_diagnostic", "diagnostic": "bad_case_routes", "attribute": "company", "examples": 2048}
[probe_diagnostic] {"event": "probe_diagnostic", "diagnostic": "bad_case_routes", "attribute": "company", "examples": 2560}
[probe_diagnostic] {"event": "probe_diagnostic", "diagnostic": "bad_case_routes", "attribute": "company", "examples": 3072}
[probe_diagnostic] {"event": "probe_diagnostic", "diagnostic": "bad_case_routes", "attribute": "company", "examples": 3584}
[probe_diagnostic] {"event": "probe_diagnostic", "diagnostic": "bad_case_routes", "attribute": "company", "examples": 4096}
[probe_diagnostic] {"event": "probe_diagnostic", "diagnostic": "bad_case_routes", "attribute": "company", "examples": 4608}
[probe_diagnostic] {"event": "probe_diagnostic", "diagnostic": "bad_case_routes", "attribute": "company", "examples": 5120}
[probe_diagnostic] {"event": "probe_diagnostic", "diagnostic": "bad_case_routes", "attribute": "company", "examples": 5632}
[probe_diagnostic] {"event": "probe_diagnostic", "diagnostic": "bad_case_routes", "attribute": "company", "examples": 6144}
[probe_diagnostic] {"event": "probe_diagnostic", "diagnostic": "bad_case_routes", "attribute": "company", "examples": 6656}
[probe_diagnostic] {"event": "probe_diagnostic", "diagnostic": "bad_case_routes", "attribute": "company", "examples": 7168}
[probe_diagnostic] {"event": "probe_diagnostic", "diagnostic": "bad_case_routes", "attribute": "company", "examples": 7680}
[probe_diagnostic] {"event": "probe_diagnostic", "diagnostic": "bad_case_routes", "attribute": "company", "examples": 8192}
[probe_diagnostic] {"event": "probe_diagnostic", "diagnostic": "bad_case_routes", "attribute": "company", "examples": 8704}
[probe_diagnostic] {"event": "probe_diagnostic", "diagnostic": "bad_case_routes", "attribute": "company", "examples": 9216}
[probe_diagnostic] {"event": "probe_diagnostic", "diagnostic": "bad_case_routes", "attribute": "company", "examples": 9728}
[probe_diagnostic] {"event": "probe_diagnostic", "diagnostic": "bad_case_routes", "attribute": "company", "examples": 10240}
[probe_diagnostic] {"event": "probe_diagnostic", "diagnostic": "bad_case_routes", "attribute": "company", "examples": 10752}
[probe_diagnostic] {"event": "probe_diagnostic", "diagnostic": "bad_case_routes", "attribute": "company", "examples": 11264}
[probe_diagnostic] {"event": "probe_diagnostic", "diagnostic": "bad_case_routes", "attribute": "company", "examples": 11776}
[probe_diagnostic] {"event": "probe_diagnostic", "diagnostic": "bad_case_routes", "attribute": "company", "examples": 12288}
[probe_diagnostic] {"event": "probe_diagnostic", "diagnostic": "bad_case_routes", "attribute": "company", "examples": 12800}
[probe_diagnostic] {"event": "probe_diagnostic", "diagnostic": "bad_case_routes", "attribute": "company", "examples": 13312}
[probe_diagnostic] {"event": "probe_diagnostic", "diagnostic": "bad_case_routes", "attribute": "company", "examples": 13824}
[probe_diagnostic] {"event": "probe_diagnostic", "diagnostic": "bad_case_routes", "attribute": "company", "examples": 14336}
[probe_diagnostic] {"event": "probe_diagnostic", "diagnostic": "bad_case_routes", "attribute": "company", "examples": 14848}
[probe_diagnostic] {"event": "probe_diagnostic", "diagnostic": "bad_case_routes", "attribute": "company", "examples": 15360}
[probe_diagnostic] {"event": "probe_diagnostic", "diagnostic": "bad_case_routes", "attribute": "company", "examples": 15872}
[probe_diagnostic] {"event": "probe_diagnostic", "diagnostic": "bad_case_routes", "attribute": "company", "examples": 16384}
[probe_diagnostic] {"event": "probe_diagnostic", "diagnostic": "bad_case_routes", "attribute": "company", "examples": 16896}
[probe_diagnostic] {"event": "probe_diagnostic", "diagnostic": "bad_case_routes", "attribute": "company", "examples": 17408}
[probe_diagnostic] {"event": "probe_diagnostic", "diagnostic": "bad_case_routes", "attribute": "company", "examples": 17920}
[probe_diagnostic] {"event": "probe_diagnostic", "diagnostic": "bad_case_routes", "attribute": "company", "examples": 18432}
[probe_diagnostic] {"event": "probe_diagnostic", "diagnostic": "bad_case_routes", "attribute": "company", "examples": 18944}
[probe_diagnostic] {"event": "probe_diagnostic", "diagnostic": "bad_case_routes", "attribute": "company", "examples": 19456}
[probe_diagnostic] {"event": "probe_diagnostic", "diagnostic": "bad_case_routes", "attribute": "company", "examples": 19968}
[probe_diagnostic] {"event": "probe_diagnostic", "diagnostic": "bad_case_routes", "attribute": "company", "examples": 20480}
[probe_diagnostic] {"event": "probe_diagnostic", "diagnostic": "bad_case_routes", "attribute": "company", "examples": 20992}
[probe_diagnostic] {"event": "probe_diagnostic", "diagnostic": "bad_case_routes", "attribute": "company", "examples": 21504}
[probe_diagnostic] {"event": "probe_diagnostic", "diagnostic": "bad_case_routes", "attribute": "company", "examples": 22016}
[probe_diagnostic] {"event": "probe_diagnostic", "diagnostic": "bad_case_routes", "attribute": "company", "examples": 22528}
[probe_diagnostic] {"event": "probe_diagnostic", "diagnostic": "bad_case_routes", "attribute": "company", "examples": 23040}
[probe_diagnostic] {"event": "probe_diagnostic", "diagnostic": "bad_case_routes", "attribute": "company", "examples": 23552}
[probe_diagnostic] {"event": "probe_diagnostic", "diagnostic": "bad_case_routes", "attribute": "company", "examples": 24064}
[probe_diagnostic] {"event": "probe_diagnostic", "diagnostic": "bad_case_routes", "attribute": "company", "examples": 24576}
[probe_diagnostic] {"event": "probe_diagnostic", "diagnostic": "bad_case_routes", "attribute": "company", "examples": 25088}
[probe_diagnostic] {"event": "probe_diagnostic", "diagnostic": "bad_case_routes", "attribute": "company", "examples": 25600}
[probe_diagnostic] {"event": "probe_diagnostic", "diagnostic": "bad_case_routes", "attribute": "company", "examples": 26112}
[probe_diagnostic] {"event": "probe_diagnostic", "diagnostic": "bad_case_routes", "attribute": "company", "examples": 26624}
[probe_diagnostic] {"event": "probe_diagnostic", "diagnostic": "bad_case_routes", "attribute": "company", "examples": 27136}
[probe_diagnostic] {"event": "probe_diagnostic", "diagnostic": "bad_case_routes", "attribute": "company", "examples": 27648}
[probe_diagnostic] {"event": "probe_diagnostic", "diagnostic": "bad_case_routes", "attribute": "company", "examples": 28160}
[probe_diagnostic] {"event": "probe_diagnostic", "diagnostic": "bad_case_routes", "attribute": "company", "examples": 28672}
[probe_diagnostic] {"event": "probe_diagnostic", "diagnostic": "bad_case_routes", "attribute": "company", "examples": 29184}
[probe_diagnostic] {"event": "probe_diagnostic", "diagnostic": "bad_case_routes", "attribute": "company", "examples": 29696}
[probe_diagnostic] {"event": "probe_diagnostic", "diagnostic": "bad_case_routes", "attribute": "company", "examples": 30208}
[probe_diagnostic] {"event": "probe_diagnostic", "diagnostic": "bad_case_routes", "attribute": "company", "examples": 30720}
[probe_diagnostic] {"event": "probe_diagnostic", "diagnostic": "bad_case_routes", "attribute": "company", "examples": 31232}
[probe_diagnostic] {"event": "probe_diagnostic", "diagnostic": "bad_case_routes", "attribute": "company", "examples": 31744}
[probe_diagnostic] {"event": "probe_diagnostic", "diagnostic": "bad_case_routes", "attribute": "company", "examples": 32256}
[probe_diagnostic] {"event": "probe_diagnostic", "diagnostic": "bad_case_routes", "attribute": "company", "examples": 32768}
[probe_diagnostic] {"event": "probe_diagnostic", "diagnostic": "bad_case_routes", "attribute": "company", "examples": 33280}
[probe_diagnostic] {"event": "probe_diagnostic", "diagnostic": "bad_case_routes", "attribute": "company", "examples": 33792}
[probe_diagnostic] {"event": "probe_diagnostic", "diagnostic": "bad_case_routes", "attribute": "company", "examples": 34304}
[probe_diagnostic] {"event": "probe_diagnostic", "diagnostic": "bad_case_routes", "attribute": "company", "examples": 34816}
[probe_diagnostic] {"event": "probe_diagnostic", "diagnostic": "bad_case_routes", "attribute": "company", "examples": 35328}
[probe_diagnostic] {"event": "probe_diagnostic", "diagnostic": "bad_case_routes", "attribute": "company", "examples": 35840}
[probe_diagnostic] {"event": "probe_diagnostic", "diagnostic": "bad_case_routes", "attribute": "company", "examples": 36352}
[probe_diagnostic] {"event": "probe_diagnostic", "diagnostic": "bad_case_routes", "attribute": "company", "examples": 36864}
[probe_diagnostic] {"event": "probe_diagnostic", "diagnostic": "bad_case_routes", "attribute": "company", "examples": 37376}
[probe_diagnostic] {"event": "probe_diagnostic", "diagnostic": "bad_case_routes", "attribute": "company", "examples": 37888}
[probe_diagnostic] {"event": "probe_diagnostic", "diagnostic": "bad_case_routes", "attribute": "company", "examples": 38400}
[probe_diagnostic] {"event": "probe_diagnostic", "diagnostic": "bad_case_routes", "attribute": "company", "examples": 38912}
[probe_diagnostic] {"event": "probe_diagnostic", "diagnostic": "bad_case_routes", "attribute": "company", "examples": 39424}
[probe_diagnostic] {"event": "probe_diagnostic", "diagnostic": "bad_case_routes", "attribute": "company", "examples": 39936}
[probe_diagnostic] {"event": "probe_diagnostic", "diagnostic": "bad_case_routes", "attribute": "company", "examples": 40448}
[probe_diagnostic] {"event": "probe_diagnostic", "diagnostic": "bad_case_routes", "attribute": "company", "examples": 40960}
[probe_diagnostic] {"event": "probe_diagnostic", "diagnostic": "bad_case_routes", "attribute": "company", "examples": 41472}
[probe_diagnostic] {"event": "probe_diagnostic", "diagnostic": "bad_case_routes", "attribute": "company", "examples": 41984}
[probe_diagnostic] {"event": "probe_diagnostic", "diagnostic": "bad_case_routes", "attribute": "company", "examples": 42496}
[probe_diagnostic] {"event": "probe_diagnostic", "diagnostic": "bad_case_routes", "attribute": "company", "examples": 43008}
[probe_diagnostic] {"event": "probe_diagnostic", "diagnostic": "bad_case_routes", "attribute": "company", "examples": 43520}
[probe_diagnostic] {"event": "probe_diagnostic", "diagnostic": "bad_case_routes", "attribute": "company", "examples": 44032}
[probe_diagnostic] {"event": "probe_diagnostic", "diagnostic": "bad_case_routes", "attribute": "company", "examples": 44544}
[probe_diagnostic] {"event": "probe_diagnostic", "diagnostic": "bad_case_routes", "attribute": "company", "examples": 45056}
[probe_diagnostic] {"event": "probe_diagnostic", "diagnostic": "bad_case_routes", "attribute": "company", "examples": 45568}
[probe_diagnostic] {"event": "probe_diagnostic", "diagnostic": "bad_case_routes", "attribute": "company", "examples": 46080}
[probe_diagnostic] {"event": "probe_diagnostic", "diagnostic": "bad_case_routes", "attribute": "company", "examples": 46592}
[probe_diagnostic] {"event": "probe_diagnostic", "diagnostic": "bad_case_routes", "attribute": "company", "examples": 47104}
[probe_diagnostic] {"event": "probe_diagnostic", "diagnostic": "bad_case_routes", "attribute": "company", "examples": 47616}
[probe_diagnostic] {"event": "probe_diagnostic", "diagnostic": "bad_case_routes", "attribute": "company", "examples": 48128}
[probe_diagnostic] {"event": "probe_diagnostic", "diagnostic": "bad_case_routes", "attribute": "company", "examples": 48640}
[probe_diagnostic] {"event": "probe_diagnostic", "diagnostic": "bad_case_routes", "attribute": "company", "examples": 49152}
[probe_diagnostic] {"event": "probe_diagnostic", "diagnostic": "bad_case_routes", "attribute": "company", "examples": 49664}
[probe_diagnostic] {"event": "probe_diagnostic", "diagnostic": "bad_case_routes", "attribute": "company", "examples": 50118}
[probe_diagnostic] {"event": "probe_diagnostic", "diagnostic": "bad_case_routes", "attribute": "company_city", "examples": 512}
[probe_diagnostic] {"event": "probe_diagnostic", "diagnostic": "bad_case_routes", "attribute": "company_city", "examples": 1024}
[probe_diagnostic] {"event": "probe_diagnostic", "diagnostic": "bad_case_routes", "attribute": "company_city", "examples": 1536}
[probe_diagnostic] {"event": "probe_diagnostic", "diagnostic": "bad_case_routes", "attribute": "company_city", "examples": 2048}
[probe_diagnostic] {"event": "probe_diagnostic", "diagnostic": "bad_case_routes", "attribute": "company_city", "examples": 2560}
[probe_diagnostic] {"event": "probe_diagnostic", "diagnostic": "bad_case_routes", "attribute": "company_city", "examples": 3072}
[probe_diagnostic] {"event": "probe_diagnostic", "diagnostic": "bad_case_routes", "attribute": "company_city", "examples": 3584}
[probe_diagnostic] {"event": "probe_diagnostic", "diagnostic": "bad_case_routes", "attribute": "company_city", "examples": 4096}
[probe_diagnostic] {"event": "probe_diagnostic", "diagnostic": "bad_case_routes", "attribute": "company_city", "examples": 4608}
[probe_diagnostic] {"event": "probe_diagnostic", "diagnostic": "bad_case_routes", "attribute": "company_city", "examples": 5120}
[probe_diagnostic] {"event": "probe_diagnostic", "diagnostic": "bad_case_routes", "attribute": "company_city", "examples": 5632}
[probe_diagnostic] {"event": "probe_diagnostic", "diagnostic": "bad_case_routes", "attribute": "company_city", "examples": 6144}
[probe_diagnostic] {"event": "probe_diagnostic", "diagnostic": "bad_case_routes", "attribute": "company_city", "examples": 6656}
[probe_diagnostic] {"event": "probe_diagnostic", "diagnostic": "bad_case_routes", "attribute": "company_city", "examples": 7168}
[probe_diagnostic] {"event": "probe_diagnostic", "diagnostic": "bad_case_routes", "attribute": "company_city", "examples": 7680}
[probe_diagnostic] {"event": "probe_diagnostic", "diagnostic": "bad_case_routes", "attribute": "company_city", "examples": 8192}
[probe_diagnostic] {"event": "probe_diagnostic", "diagnostic": "bad_case_routes", "attribute": "company_city", "examples": 8704}
[probe_diagnostic] {"event": "probe_diagnostic", "diagnostic": "bad_case_routes", "attribute": "company_city", "examples": 9216}
[probe_diagnostic] {"event": "probe_diagnostic", "diagnostic": "bad_case_routes", "attribute": "company_city", "examples": 9728}
[probe_diagnostic] {"event": "probe_diagnostic", "diagnostic": "bad_case_routes", "attribute": "company_city", "examples": 10240}
[probe_diagnostic] {"event": "probe_diagnostic", "diagnostic": "bad_case_routes", "attribute": "company_city", "examples": 10752}
[probe_diagnostic] {"event": "probe_diagnostic", "diagnostic": "bad_case_routes", "attribute": "company_city", "examples": 11264}
[probe_diagnostic] {"event": "probe_diagnostic", "diagnostic": "bad_case_routes", "attribute": "company_city", "examples": 11776}
[probe_diagnostic] {"event": "probe_diagnostic", "diagnostic": "bad_case_routes", "attribute": "company_city", "examples": 12288}
[probe_diagnostic] {"event": "probe_diagnostic", "diagnostic": "bad_case_routes", "attribute": "company_city", "examples": 12800}
[probe_diagnostic] {"event": "probe_diagnostic", "diagnostic": "bad_case_routes", "attribute": "company_city", "examples": 13312}
[probe_diagnostic] {"event": "probe_diagnostic", "diagnostic": "bad_case_routes", "attribute": "company_city", "examples": 13824}
[probe_diagnostic] {"event": "probe_diagnostic", "diagnostic": "bad_case_routes", "attribute": "company_city", "examples": 14336}
[probe_diagnostic] {"event": "probe_diagnostic", "diagnostic": "bad_case_routes", "attribute": "company_city", "examples": 14848}
[probe_diagnostic] {"event": "probe_diagnostic", "diagnostic": "bad_case_routes", "attribute": "company_city", "examples": 15360}
[probe_diagnostic] {"event": "probe_diagnostic", "diagnostic": "bad_case_routes", "attribute": "company_city", "examples": 15872}
[probe_diagnostic] {"event": "probe_diagnostic", "diagnostic": "bad_case_routes", "attribute": "company_city", "examples": 16384}
[probe_diagnostic] {"event": "probe_diagnostic", "diagnostic": "bad_case_routes", "attribute": "company_city", "examples": 16896}
[probe_diagnostic] {"event": "probe_diagnostic", "diagnostic": "bad_case_routes", "attribute": "company_city", "examples": 17408}
[probe_diagnostic] {"event": "probe_diagnostic", "diagnostic": "bad_case_routes", "attribute": "company_city", "examples": 17920}
[probe_diagnostic] {"event": "probe_diagnostic", "diagnostic": "bad_case_routes", "attribute": "company_city", "examples": 18432}
[probe_diagnostic] {"event": "probe_diagnostic", "diagnostic": "bad_case_routes", "attribute": "company_city", "examples": 18944}
[probe_diagnostic] {"event": "probe_diagnostic", "diagnostic": "bad_case_routes", "attribute": "company_city", "examples": 19456}
[probe_diagnostic] {"event": "probe_diagnostic", "diagnostic": "bad_case_routes", "attribute": "company_city", "examples": 19968}
[probe_diagnostic] {"event": "probe_diagnostic", "diagnostic": "bad_case_routes", "attribute": "company_city", "examples": 20480}
[probe_diagnostic] {"event": "probe_diagnostic", "diagnostic": "bad_case_routes", "attribute": "company_city", "examples": 20992}
[probe_diagnostic] {"event": "probe_diagnostic", "diagnostic": "bad_case_routes", "attribute": "company_city", "examples": 21504}
[probe_diagnostic] {"event": "probe_diagnostic", "diagnostic": "bad_case_routes", "attribute": "company_city", "examples": 22016}
[probe_diagnostic] {"event": "probe_diagnostic", "diagnostic": "bad_case_routes", "attribute": "company_city", "examples": 22528}
[probe_diagnostic] {"event": "probe_diagnostic", "diagnostic": "bad_case_routes", "attribute": "company_city", "examples": 23040}
[probe_diagnostic] {"event": "probe_diagnostic", "diagnostic": "bad_case_routes", "attribute": "company_city", "examples": 23552}
[probe_diagnostic] {"event": "probe_diagnostic", "diagnostic": "bad_case_routes", "attribute": "company_city", "examples": 24064}
[probe_diagnostic] {"event": "probe_diagnostic", "diagnostic": "bad_case_routes", "attribute": "company_city", "examples": 24576}
[probe_diagnostic] {"event": "probe_diagnostic", "diagnostic": "bad_case_routes", "attribute": "company_city", "examples": 25088}
[probe_diagnostic] {"event": "probe_diagnostic", "diagnostic": "bad_case_routes", "attribute": "company_city", "examples": 25600}
[probe_diagnostic] {"event": "probe_diagnostic", "diagnostic": "bad_case_routes", "attribute": "company_city", "examples": 26112}
[probe_diagnostic] {"event": "probe_diagnostic", "diagnostic": "bad_case_routes", "attribute": "company_city", "examples": 26624}
[probe_diagnostic] {"event": "probe_diagnostic", "diagnostic": "bad_case_routes", "attribute": "company_city", "examples": 27136}
[probe_diagnostic] {"event": "probe_diagnostic", "diagnostic": "bad_case_routes", "attribute": "company_city", "examples": 27648}
[probe_diagnostic] {"event": "probe_diagnostic", "diagnostic": "bad_case_routes", "attribute": "company_city", "examples": 28160}
[probe_diagnostic] {"event": "probe_diagnostic", "diagnostic": "bad_case_routes", "attribute": "company_city", "examples": 28672}
[probe_diagnostic] {"event": "probe_diagnostic", "diagnostic": "bad_case_routes", "attribute": "company_city", "examples": 29184}
[probe_diagnostic] {"event": "probe_diagnostic", "diagnostic": "bad_case_routes", "attribute": "company_city", "examples": 29696}
[probe_diagnostic] {"event": "probe_diagnostic", "diagnostic": "bad_case_routes", "attribute": "company_city", "examples": 30208}
[probe_diagnostic] {"event": "probe_diagnostic", "diagnostic": "bad_case_routes", "attribute": "company_city", "examples": 30720}
[probe_diagnostic] {"event": "probe_diagnostic", "diagnostic": "bad_case_routes", "attribute": "company_city", "examples": 31232}
[probe_diagnostic] {"event": "probe_diagnostic", "diagnostic": "bad_case_routes", "attribute": "company_city", "examples": 31744}
[probe_diagnostic] {"event": "probe_diagnostic", "diagnostic": "bad_case_routes", "attribute": "company_city", "examples": 32256}
[probe_diagnostic] {"event": "probe_diagnostic", "diagnostic": "bad_case_routes", "attribute": "company_city", "examples": 32768}
[probe_diagnostic] {"event": "probe_diagnostic", "diagnostic": "bad_case_routes", "attribute": "company_city", "examples": 33280}
[probe_diagnostic] {"event": "probe_diagnostic", "diagnostic": "bad_case_routes", "attribute": "company_city", "examples": 33792}
[probe_diagnostic] {"event": "probe_diagnostic", "diagnostic": "bad_case_routes", "attribute": "company_city", "examples": 34304}
[probe_diagnostic] {"event": "probe_diagnostic", "diagnostic": "bad_case_routes", "attribute": "company_city", "examples": 34816}
[probe_diagnostic] {"event": "probe_diagnostic", "diagnostic": "bad_case_routes", "attribute": "company_city", "examples": 35328}
[probe_diagnostic] {"event": "probe_diagnostic", "diagnostic": "bad_case_routes", "attribute": "company_city", "examples": 35840}
[probe_diagnostic] {"event": "probe_diagnostic", "diagnostic": "bad_case_routes", "attribute": "company_city", "examples": 36352}
[probe_diagnostic] {"event": "probe_diagnostic", "diagnostic": "bad_case_routes", "attribute": "company_city", "examples": 36864}
[probe_diagnostic] {"event": "probe_diagnostic", "diagnostic": "bad_case_routes", "attribute": "company_city", "examples": 37376}
[probe_diagnostic] {"event": "probe_diagnostic", "diagnostic": "bad_case_routes", "attribute": "company_city", "examples": 37888}
[probe_diagnostic] {"event": "probe_diagnostic", "diagnostic": "bad_case_routes", "attribute": "company_city", "examples": 38400}
[probe_diagnostic] {"event": "probe_diagnostic", "diagnostic": "bad_case_routes", "attribute": "company_city", "examples": 38912}
[probe_diagnostic] {"event": "probe_diagnostic", "diagnostic": "bad_case_routes", "attribute": "company_city", "examples": 39424}
[probe_diagnostic] {"event": "probe_diagnostic", "diagnostic": "bad_case_routes", "attribute": "company_city", "examples": 39936}
[probe_diagnostic] {"event": "probe_diagnostic", "diagnostic": "bad_case_routes", "attribute": "company_city", "examples": 40448}
[probe_diagnostic] {"event": "probe_diagnostic", "diagnostic": "bad_case_routes", "attribute": "company_city", "examples": 40960}
[probe_diagnostic] {"event": "probe_diagnostic", "diagnostic": "bad_case_routes", "attribute": "company_city", "examples": 41472}
[probe_diagnostic] {"event": "probe_diagnostic", "diagnostic": "bad_case_routes", "attribute": "company_city", "examples": 41984}
[probe_diagnostic] {"event": "probe_diagnostic", "diagnostic": "bad_case_routes", "attribute": "company_city", "examples": 42496}
[probe_diagnostic] {"event": "probe_diagnostic", "diagnostic": "bad_case_routes", "attribute": "company_city", "examples": 43008}
[probe_diagnostic] {"event": "probe_diagnostic", "diagnostic": "bad_case_routes", "attribute": "company_city", "examples": 43520}
[probe_diagnostic] {"event": "probe_diagnostic", "diagnostic": "bad_case_routes", "attribute": "company_city", "examples": 44032}
[probe_diagnostic] {"event": "probe_diagnostic", "diagnostic": "bad_case_routes", "attribute": "company_city", "examples": 44544}
[probe_diagnostic] {"event": "probe_diagnostic", "diagnostic": "bad_case_routes", "attribute": "company_city", "examples": 45056}
[probe_diagnostic] {"event": "probe_diagnostic", "diagnostic": "bad_case_routes", "attribute": "company_city", "examples": 45568}
[probe_diagnostic] {"event": "probe_diagnostic", "diagnostic": "bad_case_routes", "attribute": "company_city", "examples": 46080}
[probe_diagnostic] {"event": "probe_diagnostic", "diagnostic": "bad_case_routes", "attribute": "company_city", "examples": 46592}
[probe_diagnostic] {"event": "probe_diagnostic", "diagnostic": "bad_case_routes", "attribute": "company_city", "examples": 47104}
[probe_diagnostic] {"event": "probe_diagnostic", "diagnostic": "bad_case_routes", "attribute": "company_city", "examples": 47616}
[probe_diagnostic] {"event": "probe_diagnostic", "diagnostic": "bad_case_routes", "attribute": "company_city", "examples": 48128}
[probe_diagnostic] {"event": "probe_diagnostic", "diagnostic": "bad_case_routes", "attribute": "company_city", "examples": 48640}
[probe_diagnostic] {"event": "probe_diagnostic", "diagnostic": "bad_case_routes", "attribute": "company_city", "examples": 49152}
[probe_diagnostic] {"event": "probe_diagnostic", "diagnostic": "bad_case_routes", "attribute": "company_city", "examples": 49664}
[probe_diagnostic] {"event": "probe_diagnostic", "diagnostic": "bad_case_routes", "attribute": "company_city", "examples": 50118}
{
  "protocol": "q_bad_case_t1_t2_route_branching_v1",
  "case_definition": "Q-first correct, Q-whole wrong, whole value has >=2 tokens",
  "route_model": "frozen pretrained backbone without probe embedding delta",
  "split": "person-held-out validation",
  "parameters_updated": false,
  "data": "/data/mini-train-sys/artifacts/synbios_moe/multi5_permute",
  "probe_cache": "/data/mini-train-sys/artifacts/synbios_moe/multi5_permute/probe_cache",
  "probe_dir": "/data/mini-train-sys/artifacts/synbios_moe/results/multi5_permute_fsdp_4gpu/probe_pipeline/formal/training",
  "backbone_checkpoint": "/data/mini-train-sys/artifacts/synbios_moe/checkpoints/synbios_moe_multi5_permute_fsdp_4gpu/epoch_000108_step_000017388",
  "examples": 162044,
  "attributes": {
    "birth_city": 43369,
    "university": 45672,
    "major": 23769,
    "company": 25786,
    "company_city": 23448
  },
  "layers": 12,
  "experts": 8,
  "top_k": 2,
  "log_dir": "artifacts/synbios_moe/results/multi5_permute_fsdp_4gpu/probe_pipeline/formal/diagnostics/operation_logs/synbios_q_bad_case_route_validation_bad_case_routes/20260724-003604"
}
