........................................................................ [ 84%]
.............                                                            [100%]
=============================== warnings summary ===============================
tests/test_checkpoint_contract.py::test_full_checkpoint_resumes_adam_but_model_reader_ignores_it
tests/test_checkpoint_contract.py::test_safety_checkpoint_without_model_export_restores_training_state
  /home/ubuntu/mini-train-sys/.venv/lib/python3.10/site-packages/torch/distributed/checkpoint/state_dict_saver.py:143: UserWarning: torch.distributed is unavailable or uninitialized, assuming the intent is to save in a single process.
    warnings.warn(

tests/test_checkpoint_contract.py::test_full_checkpoint_resumes_adam_but_model_reader_ignores_it
tests/test_checkpoint_contract.py::test_safety_checkpoint_without_model_export_restores_training_state
tests/test_distributed_checkpoint.py::test_ddp_checkpoint_reshards_into_single_process
  /home/ubuntu/mini-train-sys/.venv/lib/python3.10/site-packages/torch/distributed/checkpoint/state_dict_loader.py:142: UserWarning: torch.distributed is unavailable or uninitialized, assuming the intent is to load in a single process.
    warnings.warn(

-- Docs: https://docs.pytest.org/en/stable/how-to/capture-warnings.html
85 passed, 5 warnings in 23.15s
All checks passed!
{"stage": "probe_cache", "p_examples": 10000}
{"stage": "probe_cache", "p_examples": 20000}
{"stage": "probe_cache", "p_examples": 30000}
{"stage": "probe_cache", "p_examples": 40000}
{"stage": "probe_cache", "p_examples": 50000}
{"stage": "probe_cache", "p_examples": 60000}
{"stage": "probe_cache", "p_examples": 70000}
{"stage": "probe_cache", "p_examples": 80000}
{"stage": "probe_cache", "p_examples": 90000}
{"stage": "probe_cache", "p_examples": 100000}
{"valid": true, "cache": "/data/mini-train-sys/artifacts/synbios_moe/single/probe_cache", "source_data": "/data/mini-train-sys/artifacts/synbios_moe/single", "profiles": 100000, "p_examples": 100000, "q_examples": 100000, "coverage_complete": true, "missing_validation_class_counts": {}, "missing_validation_classes": {}, "manifest": "/data/mini-train-sys/artifacts/synbios_moe/single/probe_cache/manifest.json"}
{
  "valid": true,
  "cache": "/data/mini-train-sys/artifacts/synbios_moe/single/probe_cache",
  "source_data": "/data/mini-train-sys/artifacts/synbios_moe/single",
  "profiles": 100000,
  "p_examples": 100000,
  "q_examples": 100000,
  "coverage_complete": true,
  "missing_validation_class_counts": {},
  "missing_validation_classes": {}
}
{"stage": "probe_cache", "p_examples": 10000}
{"stage": "probe_cache", "p_examples": 20000}
{"stage": "probe_cache", "p_examples": 30000}
{"stage": "probe_cache", "p_examples": 40000}
{"stage": "probe_cache", "p_examples": 50000}
{"stage": "probe_cache", "p_examples": 60000}
{"stage": "probe_cache", "p_examples": 70000}
{"stage": "probe_cache", "p_examples": 80000}
{"stage": "probe_cache", "p_examples": 90000}
{"stage": "probe_cache", "p_examples": 100000}
{"stage": "probe_cache", "p_examples": 110000}
{"stage": "probe_cache", "p_examples": 120000}
{"stage": "probe_cache", "p_examples": 130000}
{"stage": "probe_cache", "p_examples": 140000}
{"stage": "probe_cache", "p_examples": 150000}
{"stage": "probe_cache", "p_examples": 160000}
{"stage": "probe_cache", "p_examples": 170000}
{"stage": "probe_cache", "p_examples": 180000}
{"stage": "probe_cache", "p_examples": 190000}
{"stage": "probe_cache", "p_examples": 200000}
{"stage": "probe_cache", "p_examples": 210000}
{"stage": "probe_cache", "p_examples": 220000}
{"stage": "probe_cache", "p_examples": 230000}
{"stage": "probe_cache", "p_examples": 240000}
{"stage": "probe_cache", "p_examples": 250000}
{"stage": "probe_cache", "p_examples": 260000}
{"stage": "probe_cache", "p_examples": 270000}
{"stage": "probe_cache", "p_examples": 280000}
{"stage": "probe_cache", "p_examples": 290000}
{"stage": "probe_cache", "p_examples": 300000}
{"stage": "probe_cache", "p_examples": 310000}
{"stage": "probe_cache", "p_examples": 320000}
{"stage": "probe_cache", "p_examples": 330000}
{"stage": "probe_cache", "p_examples": 340000}
{"stage": "probe_cache", "p_examples": 350000}
{"stage": "probe_cache", "p_examples": 360000}
{"stage": "probe_cache", "p_examples": 370000}
{"stage": "probe_cache", "p_examples": 380000}
{"stage": "probe_cache", "p_examples": 390000}
{"stage": "probe_cache", "p_examples": 400000}
{"stage": "probe_cache", "p_examples": 410000}
{"stage": "probe_cache", "p_examples": 420000}
{"stage": "probe_cache", "p_examples": 430000}
{"stage": "probe_cache", "p_examples": 440000}
{"stage": "probe_cache", "p_examples": 450000}
{"stage": "probe_cache", "p_examples": 460000}
{"stage": "probe_cache", "p_examples": 470000}
{"stage": "probe_cache", "p_examples": 480000}
{"stage": "probe_cache", "p_examples": 490000}
{"stage": "probe_cache", "p_examples": 500000}
{"valid": true, "cache": "/data/mini-train-sys/artifacts/synbios_moe/multi5_permute/probe_cache", "source_data": "/data/mini-train-sys/artifacts/synbios_moe/multi5_permute", "profiles": 100000, "p_examples": 500000, "q_examples": 100000, "coverage_complete": true, "missing_validation_class_counts": {}, "missing_validation_classes": {}, "manifest": "/data/mini-train-sys/artifacts/synbios_moe/multi5_permute/probe_cache/manifest.json"}
{
  "valid": true,
  "cache": "/data/mini-train-sys/artifacts/synbios_moe/multi5_permute/probe_cache",
  "source_data": "/data/mini-train-sys/artifacts/synbios_moe/multi5_permute",
  "profiles": 100000,
  "p_examples": 500000,
  "q_examples": 100000,
  "coverage_complete": true,
  "missing_validation_class_counts": {},
  "missing_validation_classes": {}
}
