[model_load] step 1/1 | tok/s 0.0 | items/s 0.0 | gpu-peak 1.09/23.65 GiB | 100.0% | ETA 0:00:00
[cloze_evaluate] {"event": "cloze_evaluate", "step": 1, "batch": 1, "batches_total": 63, "progress_percent": 1.587, "elapsed_seconds": 1.975, "eta_seconds": 122.455, "items_processed": 16, "items_per_sec": 8.101, "tokens_processed": 20673, "tokens_per_sec": 10466.897, "field_accuracy_running": 0.9583333333333334, "all_fields_accuracy_running": 0.75, "gpu_memory_allocated_mb": 1128.74, "gpu_memory_reserved_mb": 1224.0, "gpu_peak_memory_allocated_mb": 1169.92, "gpu_memory_allocated_mb_max": 1128.74, "gpu_memory_reserved_mb_max": 1224.0, "gpu_peak_memory_allocated_mb_max": 1169.92, "gpu_memory_allocated_mb_total": 1128.74, "gpu_memory_reserved_mb_total": 1224.0, "gpu_memory_capacity_mb_max": 24217.31, "gpu_memory_capacity_mb_total": 24217.31, "gpu_memory_current_percent_max": 4.66, "gpu_memory_reserved_percent_max": 5.05, "gpu_memory_peak_percent_max": 4.83, "monitored_world_size": 1}
[cloze_evaluate] {"event": "cloze_evaluate", "step": 5, "batch": 5, "batches_total": 63, "progress_percent": 7.937, "elapsed_seconds": 7.097, "eta_seconds": 82.326, "items_processed": 240, "items_per_sec": 33.817, "tokens_processed": 303878, "tokens_per_sec": 42817.184, "field_accuracy_running": 0.95625, "all_fields_accuracy_running": 0.7375, "gpu_memory_allocated_mb": 1128.74, "gpu_memory_reserved_mb": 1224.0, "gpu_peak_memory_allocated_mb": 1169.92, "gpu_memory_allocated_mb_max": 1128.74, "gpu_memory_reserved_mb_max": 1224.0, "gpu_peak_memory_allocated_mb_max": 1169.92, "gpu_memory_allocated_mb_total": 1128.74, "gpu_memory_reserved_mb_total": 1224.0, "gpu_memory_capacity_mb_max": 24217.31, "gpu_memory_capacity_mb_total": 24217.31, "gpu_memory_current_percent_max": 4.66, "gpu_memory_reserved_percent_max": 5.05, "gpu_memory_peak_percent_max": 4.83, "monitored_world_size": 1}
[cloze_evaluate] {"event": "cloze_evaluate", "step": 10, "batch": 10, "batches_total": 63, "progress_percent": 15.873, "elapsed_seconds": 13.416, "eta_seconds": 71.105, "items_processed": 880, "items_per_sec": 65.593, "tokens_processed": 1108449, "tokens_per_sec": 82621.265, "field_accuracy_running": 0.9604166666666667, "all_fields_accuracy_running": 0.7625, "gpu_memory_allocated_mb": 1128.74, "gpu_memory_reserved_mb": 1224.0, "gpu_peak_memory_allocated_mb": 1169.92, "gpu_memory_allocated_mb_max": 1128.74, "gpu_memory_reserved_mb_max": 1224.0, "gpu_peak_memory_allocated_mb_max": 1169.92, "gpu_memory_allocated_mb_total": 1128.74, "gpu_memory_reserved_mb_total": 1224.0, "gpu_memory_capacity_mb_max": 24217.31, "gpu_memory_capacity_mb_total": 24217.31, "gpu_memory_current_percent_max": 4.66, "gpu_memory_reserved_percent_max": 5.05, "gpu_memory_peak_percent_max": 4.83, "monitored_world_size": 1}
[cloze_evaluate] {"event": "cloze_evaluate", "step": 15, "batch": 15, "batches_total": 63, "progress_percent": 23.81, "elapsed_seconds": 19.815, "eta_seconds": 63.406, "items_processed": 1920, "items_per_sec": 96.899, "tokens_processed": 2417202, "tokens_per_sec": 121991.416, "field_accuracy_running": 0.9645833333333333, "all_fields_accuracy_running": 0.7875, "gpu_memory_allocated_mb": 1128.74, "gpu_memory_reserved_mb": 1224.0, "gpu_peak_memory_allocated_mb": 1169.92, "gpu_memory_allocated_mb_max": 1128.74, "gpu_memory_reserved_mb_max": 1224.0, "gpu_peak_memory_allocated_mb_max": 1169.92, "gpu_memory_allocated_mb_total": 1128.74, "gpu_memory_reserved_mb_total": 1224.0, "gpu_memory_capacity_mb_max": 24217.31, "gpu_memory_capacity_mb_total": 24217.31, "gpu_memory_current_percent_max": 4.66, "gpu_memory_reserved_percent_max": 5.05, "gpu_memory_peak_percent_max": 4.83, "monitored_world_size": 1}
Traceback (most recent call last):
  File "/home/ubuntu/mini-train-sys/scripts/synbios_moe.py", line 778, in <module>
    arguments.func(arguments)
  File "/home/ubuntu/mini-train-sys/scripts/synbios_moe.py", line 611, in command_cloze_evaluate
    result = evaluate_progressive_biography_cloze(
  File "/home/ubuntu/mini-train-sys/.venv/lib/python3.10/site-packages/torch/utils/_contextlib.py", line 116, in decorate_context
    return func(*args, **kwargs)
  File "/home/ubuntu/mini-train-sys/experiments/synbios_moe/cloze_evaluation.py", line 295, in evaluate_progressive_biography_cloze
    process_batch(pending)
  File "/home/ubuntu/mini-train-sys/experiments/synbios_moe/cloze_evaluation.py", line 226, in process_batch
    predictions, generated, terminated, tokens = _generate_values(
  File "/home/ubuntu/mini-train-sys/.venv/lib/python3.10/site-packages/torch/utils/_contextlib.py", line 116, in decorate_context
    return func(*args, **kwargs)
  File "/home/ubuntu/mini-train-sys/experiments/synbios_moe/cloze_evaluation.py", line 130, in _generate_values
    hidden = model.hidden_states(input_ids)
  File "/home/ubuntu/mini-train-sys/minitrain/model/transformer.py", line 90, in hidden_states
    block_output = block(hidden, self.ops, rope_cos, rope_sin)
  File "/home/ubuntu/mini-train-sys/.venv/lib/python3.10/site-packages/torch/nn/modules/module.py", line 1736, in _wrapped_call_impl
    return self._call_impl(*args, **kwargs)
  File "/home/ubuntu/mini-train-sys/.venv/lib/python3.10/site-packages/torch/nn/modules/module.py", line 1747, in _call_impl
    return forward_call(*args, **kwargs)
  File "/home/ubuntu/mini-train-sys/minitrain/model/blocks.py", line 128, in forward
    ffn_output = self.ffn(self.ffn_norm(x, ops), ops)
  File "/home/ubuntu/mini-train-sys/.venv/lib/python3.10/site-packages/torch/nn/modules/module.py", line 1736, in _wrapped_call_impl
    return self._call_impl(*args, **kwargs)
  File "/home/ubuntu/mini-train-sys/.venv/lib/python3.10/site-packages/torch/nn/modules/module.py", line 1747, in _call_impl
    return forward_call(*args, **kwargs)
  File "/home/ubuntu/mini-train-sys/minitrain/model/blocks.py", line 90, in forward
    route = self.router(flat_x, ops)
  File "/home/ubuntu/mini-train-sys/.venv/lib/python3.10/site-packages/torch/nn/modules/module.py", line 1736, in _wrapped_call_impl
    return self._call_impl(*args, **kwargs)
  File "/home/ubuntu/mini-train-sys/.venv/lib/python3.10/site-packages/torch/nn/modules/module.py", line 1747, in _call_impl
    return forward_call(*args, **kwargs)
  File "/home/ubuntu/mini-train-sys/minitrain/model/moe_router.py", line 132, in forward
    "moe/dead_expert_count": (accepted_per_expert == 0).sum().detach(),
KeyboardInterrupt
