W0721 04:29:48.837000 173821 torch/distributed/run.py:793] 
W0721 04:29:48.837000 173821 torch/distributed/run.py:793] *****************************************
W0721 04:29:48.837000 173821 torch/distributed/run.py:793] Setting OMP_NUM_THREADS environment variable for each process to be 1 in default, to avoid your system being overloaded, please further tune the variable for optimal performance in your application as needed. 
W0721 04:29:48.837000 173821 torch/distributed/run.py:793] *****************************************
[init] run=synbios_moe_single_fsdp_4gpu device=cuda:0 strategy=fsdp world=4 params=293494272
[parallel_ready] {"event": "parallel_ready", "strategy": "fsdp", "fsdp_units": 13, "auto_wrap_policy": "transformer_block", "sharding_strategy": "full_shard"}
[train] batch 1/32 | epoch 1/540 | loss 10.94644 | lr 2.181e-05 | grad 16.964 | data-wait 0.5% | tok/s 52,963.0 | gpu(max) 1.11/23.65 GiB | 0.0% | ETA 20:47:13
[train] batch 4/32 | epoch 1/540 | loss 9.62046 | lr 8.723e-05 | grad 7.890 | data-wait 0.2% | tok/s 281,136.7 | gpu(max) 1.11/23.65 GiB | 0.0% | ETA 8:07:56
[train] batch 8/32 | epoch 1/540 | loss 8.68825 | lr 1.745e-04 | grad 3.493 | data-wait 0.2% | tok/s 360,255.9 | gpu(max) 1.11/23.65 GiB | 0.0% | ETA 5:35:33
[train] batch 12/32 | epoch 1/540 | loss 7.69402 | lr 2.617e-04 | grad 3.107 | data-wait 0.2% | tok/s 360,034.8 | gpu(max) 1.11/23.65 GiB | 0.1% | ETA 4:44:46
[train] batch 16/32 | epoch 1/540 | loss 8.48772 | lr 3.489e-04 | grad 20.194 | data-wait 0.2% | tok/s 359,500.7 | gpu(max) 1.11/23.65 GiB | 0.1% | ETA 4:19:25
[train] batch 20/32 | epoch 1/540 | loss 5.44461 | lr 4.361e-04 | grad 5.741 | data-wait 0.2% | tok/s 357,495.8 | gpu(max) 1.11/23.65 GiB | 0.1% | ETA 4:04:24
[train] batch 24/32 | epoch 1/540 | loss 4.04336 | lr 5.234e-04 | grad 3.918 | data-wait 0.2% | tok/s 358,387.0 | gpu(max) 1.11/23.65 GiB | 0.1% | ETA 3:54:18
[train] batch 28/32 | epoch 1/540 | loss 3.82700 | lr 6.106e-04 | grad 12.670 | data-wait 0.1% | tok/s 359,673.8 | gpu(max) 1.11/23.65 GiB | 0.2% | ETA 3:46:58
[train] batch 32/32 | epoch 1/540 | loss 3.20088 | lr 6.978e-04 | grad 4.478 | data-wait 0.0% | tok/s 361,304.5 | gpu(max) 1.11/23.65 GiB | 0.2% | ETA 3:41:22
[train] batch 4/32 | epoch 2/540 | loss 2.99696 | lr 7.850e-04 | grad 6.249 | data-wait 0.9% | tok/s 335,441.9 | gpu(max) 1.11/23.65 GiB | 0.2% | ETA 3:38:34
[train] batch 8/32 | epoch 2/540 | loss 3.24819 | lr 8.723e-04 | grad 11.560 | data-wait 0.2% | tok/s 358,339.2 | gpu(max) 1.11/23.65 GiB | 0.2% | ETA 3:35:03
[train] batch 12/32 | epoch 2/540 | loss 3.23662 | lr 9.595e-04 | grad 11.051 | data-wait 0.2% | tok/s 344,684.6 | gpu(max) 1.11/23.65 GiB | 0.3% | ETA 3:32:50
[train] batch 16/32 | epoch 2/540 | loss 2.73506 | lr 1.047e-03 | grad 5.447 | data-wait 0.2% | tok/s 360,651.5 | gpu(max) 1.11/23.65 GiB | 0.3% | ETA 3:30:16
[train] batch 20/32 | epoch 2/540 | loss 2.43607 | lr 1.134e-03 | grad 4.245 | data-wait 0.2% | tok/s 362,491.0 | gpu(max) 1.11/23.65 GiB | 0.3% | ETA 3:28:02
[train] batch 24/32 | epoch 2/540 | loss 2.08036 | lr 1.221e-03 | grad 1.534 | data-wait 0.3% | tok/s 360,555.2 | gpu(max) 1.11/23.65 GiB | 0.3% | ETA 3:26:10
[train] batch 28/32 | epoch 2/540 | loss 1.84709 | lr 1.308e-03 | grad 1.691 | data-wait 0.1% | tok/s 361,562.2 | gpu(max) 1.11/23.65 GiB | 0.3% | ETA 3:24:31
[train] batch 32/32 | epoch 2/540 | loss 1.65352 | lr 1.396e-03 | grad 0.969 | data-wait 0.0% | tok/s 361,140.0 | gpu(max) 1.11/23.65 GiB | 0.4% | ETA 3:23:05
[train] batch 4/32 | epoch 3/540 | loss 1.48988 | lr 1.483e-03 | grad 0.519 | data-wait 0.8% | tok/s 347,820.7 | gpu(max) 1.11/23.65 GiB | 0.4% | ETA 3:22:13
[train] batch 8/32 | epoch 3/540 | loss 1.38538 | lr 1.570e-03 | grad 0.510 | data-wait 0.2% | tok/s 354,559.5 | gpu(max) 1.11/23.65 GiB | 0.4% | ETA 3:21:15
[train] batch 12/32 | epoch 3/540 | loss 1.32510 | lr 1.657e-03 | grad 0.437 | data-wait 0.2% | tok/s 350,247.4 | gpu(max) 1.11/23.65 GiB | 0.4% | ETA 3:20:30
[train] batch 16/32 | epoch 3/540 | loss 1.27799 | lr 1.745e-03 | grad 0.463 | data-wait 0.3% | tok/s 348,996.2 | gpu(max) 1.11/23.65 GiB | 0.5% | ETA 3:19:51
[train] batch 20/32 | epoch 3/540 | loss 1.24265 | lr 1.832e-03 | grad 0.354 | data-wait 0.2% | tok/s 346,973.2 | gpu(max) 1.11/23.65 GiB | 0.5% | ETA 3:19:18
[train] batch 24/32 | epoch 3/540 | loss 1.21340 | lr 1.919e-03 | grad 0.245 | data-wait 0.3% | tok/s 348,667.5 | gpu(max) 1.11/23.65 GiB | 0.5% | ETA 3:18:46
[train] batch 28/32 | epoch 3/540 | loss 1.19705 | lr 2.006e-03 | grad 0.184 | data-wait 0.1% | tok/s 347,538.5 | gpu(max) 1.11/23.65 GiB | 0.5% | ETA 3:18:18
[train] batch 32/32 | epoch 3/540 | loss 1.19102 | lr 2.093e-03 | grad 0.190 | data-wait 0.0% | tok/s 347,174.4 | gpu(max) 1.11/23.65 GiB | 0.6% | ETA 3:17:53
[train] batch 4/32 | epoch 4/540 | loss 1.19877 | lr 2.181e-03 | grad 0.760 | data-wait 0.5% | tok/s 337,232.5 | gpu(max) 1.11/23.65 GiB | 0.6% | ETA 3:17:43
[train] batch 8/32 | epoch 4/540 | loss 1.94369 | lr 2.268e-03 | grad 5.718 | data-wait 0.3% | tok/s 344,689.1 | gpu(max) 1.11/23.65 GiB | 0.6% | ETA 3:17:23
[train] batch 12/32 | epoch 4/540 | loss 1.91726 | lr 2.355e-03 | grad 4.253 | data-wait 0.2% | tok/s 336,997.7 | gpu(max) 1.11/23.65 GiB | 0.6% | ETA 3:17:15
[train] batch 16/32 | epoch 4/540 | loss 1.44354 | lr 2.442e-03 | grad 1.451 | data-wait 0.2% | tok/s 343,827.2 | gpu(max) 1.11/23.65 GiB | 0.6% | ETA 3:16:59
[train] batch 20/32 | epoch 4/540 | loss 1.30591 | lr 2.530e-03 | grad 0.362 | data-wait 0.2% | tok/s 337,529.0 | gpu(max) 1.11/23.65 GiB | 0.7% | ETA 3:16:51
[train] batch 24/32 | epoch 4/540 | loss 1.25343 | lr 2.617e-03 | grad 0.244 | data-wait 0.2% | tok/s 341,800.5 | gpu(max) 1.11/23.65 GiB | 0.7% | ETA 3:16:38
[train] batch 28/32 | epoch 4/540 | loss 1.21650 | lr 2.704e-03 | grad 0.203 | data-wait 0.1% | tok/s 344,179.9 | gpu(max) 1.11/23.65 GiB | 0.7% | ETA 3:16:24
[train] batch 32/32 | epoch 4/540 | loss 1.18383 | lr 2.791e-03 | grad 0.175 | data-wait 0.0% | tok/s 344,981.5 | gpu(max) 1.11/23.65 GiB | 0.7% | ETA 3:16:09
[train] batch 4/32 | epoch 5/540 | loss 1.16690 | lr 2.879e-03 | grad 0.265 | data-wait 0.9% | tok/s 335,181.2 | gpu(max) 1.11/23.65 GiB | 0.8% | ETA 3:16:05
[train] batch 8/32 | epoch 5/540 | loss 1.15237 | lr 2.966e-03 | grad 0.194 | data-wait 0.2% | tok/s 341,883.9 | gpu(max) 1.11/23.65 GiB | 0.8% | ETA 3:15:55
[train] batch 12/32 | epoch 5/540 | loss 1.14275 | lr 3.053e-03 | grad 0.166 | data-wait 0.2% | tok/s 345,190.9 | gpu(max) 1.11/23.65 GiB | 0.8% | ETA 3:15:42
[train] batch 16/32 | epoch 5/540 | loss 1.13596 | lr 3.140e-03 | grad 0.160 | data-wait 0.2% | tok/s 344,400.9 | gpu(max) 1.11/23.65 GiB | 0.8% | ETA 3:15:30
[train] batch 20/32 | epoch 5/540 | loss 1.13243 | lr 3.227e-03 | grad 0.174 | data-wait 0.2% | tok/s 347,426.9 | gpu(max) 1.11/23.65 GiB | 0.9% | ETA 3:15:16
[train] batch 24/32 | epoch 5/540 | loss 1.12807 | lr 3.315e-03 | grad 0.189 | data-wait 0.2% | tok/s 347,419.6 | gpu(max) 1.11/23.65 GiB | 0.9% | ETA 3:15:03
[train] batch 28/32 | epoch 5/540 | loss 1.12427 | lr 3.402e-03 | grad 0.155 | data-wait 0.1% | tok/s 348,710.0 | gpu(max) 1.11/23.65 GiB | 0.9% | ETA 3:14:49
[train] batch 32/32 | epoch 5/540 | loss 1.12160 | lr 3.489e-03 | grad 0.185 | data-wait 0.0% | tok/s 344,978.8 | gpu(max) 1.11/23.65 GiB | 0.9% | ETA 3:14:38
[train] batch 4/32 | epoch 6/540 | loss 1.12247 | lr 3.576e-03 | grad 0.205 | data-wait 0.7% | tok/s 338,004.0 | gpu(max) 1.11/23.65 GiB | 0.9% | ETA 3:14:34
[train] batch 8/32 | epoch 6/540 | loss 1.12055 | lr 3.664e-03 | grad 0.217 | data-wait 0.2% | tok/s 349,520.8 | gpu(max) 1.11/23.65 GiB | 1.0% | ETA 3:14:21
[train] batch 12/32 | epoch 6/540 | loss 1.11904 | lr 3.751e-03 | grad 0.211 | data-wait 0.2% | tok/s 347,866.0 | gpu(max) 1.11/23.65 GiB | 1.0% | ETA 3:14:09
[train] batch 16/32 | epoch 6/540 | loss 1.11380 | lr 3.838e-03 | grad 0.195 | data-wait 0.2% | tok/s 347,346.6 | gpu(max) 1.11/23.65 GiB | 1.0% | ETA 3:13:59
[train] batch 20/32 | epoch 6/540 | loss 1.11977 | lr 3.925e-03 | grad 0.220 | data-wait 0.2% | tok/s 346,244.4 | gpu(max) 1.11/23.65 GiB | 1.0% | ETA 3:13:49
[train] batch 24/32 | epoch 6/540 | loss 1.11741 | lr 4.012e-03 | grad 0.209 | data-wait 0.2% | tok/s 346,103.3 | gpu(max) 1.11/23.65 GiB | 1.1% | ETA 3:13:40
[train] batch 28/32 | epoch 6/540 | loss 1.11403 | lr 4.100e-03 | grad 0.224 | data-wait 0.1% | tok/s 350,403.2 | gpu(max) 1.11/23.65 GiB | 1.1% | ETA 3:13:28
[train] batch 32/32 | epoch 6/540 | loss 1.11198 | lr 4.187e-03 | grad 0.230 | data-wait 0.0% | tok/s 345,514.9 | gpu(max) 1.11/23.65 GiB | 1.1% | ETA 3:13:20
[train] batch 4/32 | epoch 7/540 | loss 1.11116 | lr 4.274e-03 | grad 0.226 | data-wait 0.8% | tok/s 338,741.1 | gpu(max) 1.11/23.65 GiB | 1.1% | ETA 3:13:17
[train] batch 8/32 | epoch 7/540 | loss 1.10798 | lr 4.361e-03 | grad 0.206 | data-wait 0.2% | tok/s 349,982.1 | gpu(max) 1.11/23.65 GiB | 1.2% | ETA 3:13:06
[train] batch 12/32 | epoch 7/540 | loss 1.10684 | lr 4.449e-03 | grad 0.207 | data-wait 0.2% | tok/s 349,962.2 | gpu(max) 1.11/23.65 GiB | 1.2% | ETA 3:12:55
[train] batch 16/32 | epoch 7/540 | loss 1.10974 | lr 4.536e-03 | grad 0.242 | data-wait 0.2% | tok/s 346,603.1 | gpu(max) 1.11/23.65 GiB | 1.2% | ETA 3:12:47
[train] batch 20/32 | epoch 7/540 | loss 1.10483 | lr 4.623e-03 | grad 0.197 | data-wait 0.2% | tok/s 345,568.0 | gpu(max) 1.11/23.65 GiB | 1.2% | ETA 3:12:40
[train] batch 24/32 | epoch 7/540 | loss 1.10144 | lr 4.667e-03 | grad 0.192 | data-wait 0.2% | tok/s 345,083.5 | gpu(max) 1.11/23.65 GiB | 1.2% | ETA 3:12:34
[train] batch 28/32 | epoch 7/540 | loss 1.11580 | lr 4.667e-03 | grad 0.230 | data-wait 0.1% | tok/s 346,715.8 | gpu(max) 1.11/23.65 GiB | 1.3% | ETA 3:12:26
[train] batch 32/32 | epoch 7/540 | loss 1.28756 | lr 4.667e-03 | grad 1.676 | data-wait 0.0% | tok/s 346,086.9 | gpu(max) 1.11/23.65 GiB | 1.3% | ETA 3:12:19
[train] batch 4/32 | epoch 8/540 | loss 1.89467 | lr 4.667e-03 | grad 2.928 | data-wait 0.7% | tok/s 335,359.9 | gpu(max) 1.11/23.65 GiB | 1.3% | ETA 3:12:19
[train] batch 8/32 | epoch 8/540 | loss 1.47956 | lr 4.667e-03 | grad 1.311 | data-wait 0.2% | tok/s 347,528.9 | gpu(max) 1.11/23.65 GiB | 1.3% | ETA 3:12:11
[train] batch 12/32 | epoch 8/540 | loss 1.28419 | lr 4.667e-03 | grad 0.474 | data-wait 0.2% | tok/s 344,325.3 | gpu(max) 1.11/23.65 GiB | 1.4% | ETA 3:12:05
[train] batch 16/32 | epoch 8/540 | loss 1.21297 | lr 4.667e-03 | grad 0.288 | data-wait 0.2% | tok/s 344,706.6 | gpu(max) 1.11/23.65 GiB | 1.4% | ETA 3:12:00
[train] batch 20/32 | epoch 8/540 | loss 1.18063 | lr 4.667e-03 | grad 0.224 | data-wait 0.2% | tok/s 343,523.7 | gpu(max) 1.11/23.65 GiB | 1.4% | ETA 3:11:54
[train] batch 24/32 | epoch 8/540 | loss 1.16213 | lr 4.667e-03 | grad 0.178 | data-wait 0.2% | tok/s 343,506.9 | gpu(max) 1.11/23.65 GiB | 1.4% | ETA 3:11:50
[train] batch 28/32 | epoch 8/540 | loss 1.15108 | lr 4.667e-03 | grad 0.160 | data-wait 0.1% | tok/s 341,927.1 | gpu(max) 1.11/23.65 GiB | 1.5% | ETA 3:11:45
[train] batch 32/32 | epoch 8/540 | loss 1.14062 | lr 4.667e-03 | grad 0.164 | data-wait 0.0% | tok/s 347,912.1 | gpu(max) 1.11/23.65 GiB | 1.5% | ETA 3:11:38
[train] batch 4/32 | epoch 9/540 | loss 1.13286 | lr 4.667e-03 | grad 0.144 | data-wait 0.8% | tok/s 338,714.6 | gpu(max) 1.11/23.65 GiB | 1.5% | ETA 3:11:36
[train] batch 8/32 | epoch 9/540 | loss 1.12905 | lr 4.667e-03 | grad 0.150 | data-wait 0.2% | tok/s 347,166.8 | gpu(max) 1.11/23.65 GiB | 1.5% | ETA 3:11:30
[train] batch 12/32 | epoch 9/540 | loss 1.12306 | lr 4.667e-03 | grad 0.153 | data-wait 0.2% | tok/s 347,574.6 | gpu(max) 1.11/23.65 GiB | 1.6% | ETA 3:11:23
[train] batch 16/32 | epoch 9/540 | loss 1.12101 | lr 4.667e-03 | grad 0.164 | data-wait 0.2% | tok/s 346,853.1 | gpu(max) 1.11/23.65 GiB | 1.6% | ETA 3:11:17
[train] batch 20/32 | epoch 9/540 | loss 1.11746 | lr 4.667e-03 | grad 0.169 | data-wait 0.2% | tok/s 345,721.5 | gpu(max) 1.11/23.65 GiB | 1.6% | ETA 3:11:11
[train] batch 24/32 | epoch 9/540 | loss 1.11632 | lr 4.667e-03 | grad 0.169 | data-wait 0.2% | tok/s 347,765.5 | gpu(max) 1.11/23.65 GiB | 1.6% | ETA 3:11:05
[train] batch 28/32 | epoch 9/540 | loss 1.11320 | lr 4.666e-03 | grad 0.151 | data-wait 0.1% | tok/s 348,277.5 | gpu(max) 1.11/23.65 GiB | 1.6% | ETA 3:10:59
[train] batch 32/32 | epoch 9/540 | loss 1.11041 | lr 4.666e-03 | grad 0.138 | data-wait 0.0% | tok/s 348,363.8 | gpu(max) 1.11/23.65 GiB | 1.7% | ETA 3:10:52
[train] batch 4/32 | epoch 10/540 | loss 1.10997 | lr 4.666e-03 | grad 0.154 | data-wait 1.2% | tok/s 338,869.2 | gpu(max) 1.11/23.65 GiB | 1.7% | ETA 3:10:50
[train] batch 8/32 | epoch 10/540 | loss 1.10754 | lr 4.666e-03 | grad 0.173 | data-wait 0.2% | tok/s 349,559.8 | gpu(max) 1.11/23.65 GiB | 1.7% | ETA 3:10:43
[train] batch 12/32 | epoch 10/540 | loss 1.10805 | lr 4.666e-03 | grad 0.192 | data-wait 0.2% | tok/s 348,903.4 | gpu(max) 1.11/23.65 GiB | 1.7% | ETA 3:10:37
[train] batch 16/32 | epoch 10/540 | loss 1.10729 | lr 4.666e-03 | grad 0.213 | data-wait 0.3% | tok/s 346,554.5 | gpu(max) 1.11/23.65 GiB | 1.8% | ETA 3:10:32
[train] batch 20/32 | epoch 10/540 | loss 1.10385 | lr 4.666e-03 | grad 0.190 | data-wait 0.2% | tok/s 347,333.4 | gpu(max) 1.11/23.65 GiB | 1.8% | ETA 3:10:26
[train] batch 24/32 | epoch 10/540 | loss 1.10361 | lr 4.666e-03 | grad 0.189 | data-wait 0.2% | tok/s 351,640.9 | gpu(max) 1.11/23.65 GiB | 1.8% | ETA 3:10:19
[train] batch 28/32 | epoch 10/540 | loss 1.10065 | lr 4.666e-03 | grad 0.174 | data-wait 0.1% | tok/s 349,763.1 | gpu(max) 1.11/23.65 GiB | 1.8% | ETA 3:10:12
[train] batch 32/32 | epoch 10/540 | loss 1.09854 | lr 4.666e-03 | grad 0.172 | data-wait 0.0% | tok/s 348,347.7 | gpu(max) 1.11/23.65 GiB | 1.9% | ETA 3:10:07
[checkpoint] saved artifacts/synbios_moe/checkpoints/synbios_moe_single_fsdp_4gpu/epoch_000010_step_000000320 (model+optimizer state)
[train] batch 4/32 | epoch 11/540 | loss 1.09806 | lr 4.666e-03 | grad 0.171 | data-wait 0.1% | tok/s 31,101.7 | gpu(max) 1.11/23.65 GiB | 1.9% | ETA 3:33:27
[train] batch 8/32 | epoch 11/540 | loss 1.10068 | lr 4.666e-03 | grad 0.203 | data-wait 0.2% | tok/s 368,718.1 | gpu(max) 1.11/23.65 GiB | 1.9% | ETA 3:32:56
[train] batch 12/32 | epoch 11/540 | loss 1.10302 | lr 4.666e-03 | grad 0.184 | data-wait 0.2% | tok/s 368,403.5 | gpu(max) 1.11/23.65 GiB | 1.9% | ETA 3:32:27
[train] batch 16/32 | epoch 11/540 | loss 1.10429 | lr 4.666e-03 | grad 0.245 | data-wait 0.2% | tok/s 368,210.8 | gpu(max) 1.11/23.65 GiB | 1.9% | ETA 3:31:58
[train] batch 20/32 | epoch 11/540 | loss 1.11277 | lr 4.666e-03 | grad 0.633 | data-wait 0.2% | tok/s 366,379.8 | gpu(max) 1.11/23.65 GiB | 2.0% | ETA 3:31:30
[train] batch 24/32 | epoch 11/540 | loss 1.11441 | lr 4.666e-03 | grad 0.245 | data-wait 0.2% | tok/s 365,931.9 | gpu(max) 1.11/23.65 GiB | 2.0% | ETA 3:31:03
[train] batch 28/32 | epoch 11/540 | loss 1.10934 | lr 4.666e-03 | grad 0.213 | data-wait 0.1% | tok/s 365,397.0 | gpu(max) 1.11/23.65 GiB | 2.0% | ETA 3:30:36
[train] batch 32/32 | epoch 11/540 | loss 1.10886 | lr 4.666e-03 | grad 0.267 | data-wait 0.0% | tok/s 366,856.9 | gpu(max) 1.11/23.65 GiB | 2.0% | ETA 3:30:10
[train] batch 4/32 | epoch 12/540 | loss 1.11299 | lr 4.666e-03 | grad 0.279 | data-wait 1.1% | tok/s 353,175.4 | gpu(max) 1.11/23.65 GiB | 2.1% | ETA 3:29:49
[train] batch 8/32 | epoch 12/540 | loss 1.10930 | lr 4.666e-03 | grad 0.231 | data-wait 0.2% | tok/s 359,775.7 | gpu(max) 1.11/23.65 GiB | 2.1% | ETA 3:29:26
[train] batch 12/32 | epoch 12/540 | loss 1.11280 | lr 4.666e-03 | grad 0.249 | data-wait 0.2% | tok/s 354,521.2 | gpu(max) 1.11/23.65 GiB | 2.1% | ETA 3:29:05
[train] batch 16/32 | epoch 12/540 | loss 1.12029 | lr 4.666e-03 | grad 0.374 | data-wait 0.2% | tok/s 355,913.6 | gpu(max) 1.11/23.65 GiB | 2.1% | ETA 3:28:44
[train] batch 20/32 | epoch 12/540 | loss 1.13250 | lr 4.666e-03 | grad 0.506 | data-wait 0.2% | tok/s 352,323.8 | gpu(max) 1.11/23.65 GiB | 2.2% | ETA 3:28:25
[train] batch 24/32 | epoch 12/540 | loss 1.13996 | lr 4.666e-03 | grad 0.496 | data-wait 0.2% | tok/s 351,008.2 | gpu(max) 1.11/23.65 GiB | 2.2% | ETA 3:28:07
[train] batch 28/32 | epoch 12/540 | loss 1.14598 | lr 4.666e-03 | grad 1.562 | data-wait 0.1% | tok/s 347,305.5 | gpu(max) 1.11/23.65 GiB | 2.2% | ETA 3:27:50
[train] batch 32/32 | epoch 12/540 | loss 1.17590 | lr 4.666e-03 | grad 12.022 | data-wait 0.0% | tok/s 346,320.0 | gpu(max) 1.11/23.65 GiB | 2.2% | ETA 3:27:34
[train] batch 4/32 | epoch 13/540 | loss 1.59912 | lr 4.666e-03 | grad 30.569 | data-wait 0.9% | tok/s 339,474.6 | gpu(max) 1.11/23.65 GiB | 2.2% | ETA 3:27:20
[train] batch 8/32 | epoch 13/540 | loss 2.94436 | lr 4.666e-03 | grad 1,630.284 | data-wait 0.2% | tok/s 338,532.4 | gpu(max) 1.11/23.65 GiB | 2.3% | ETA 3:27:07
[train] batch 12/32 | epoch 13/540 | loss 5.89791 | lr 4.666e-03 | grad 1,043.704 | data-wait 0.2% | tok/s 340,830.7 | gpu(max) 1.11/23.65 GiB | 2.3% | ETA 3:26:53
[train] batch 16/32 | epoch 13/540 | loss 6.12297 | lr 4.665e-03 | grad 2,840.932 | data-wait 0.2% | tok/s 345,714.5 | gpu(max) 1.11/23.65 GiB | 2.3% | ETA 3:26:38
[train] batch 20/32 | epoch 13/540 | loss 5.15074 | lr 4.665e-03 | grad 50.422 | data-wait 0.2% | tok/s 344,719.0 | gpu(max) 1.11/23.65 GiB | 2.3% | ETA 3:26:24
[train] batch 24/32 | epoch 13/540 | loss 4.04287 | lr 4.665e-03 | grad 5.624 | data-wait 0.2% | tok/s 341,558.9 | gpu(max) 1.11/23.65 GiB | 2.4% | ETA 3:26:10
[train] batch 28/32 | epoch 13/540 | loss 3.28663 | lr 4.665e-03 | grad 2.631 | data-wait 0.1% | tok/s 340,105.1 | gpu(max) 1.11/23.65 GiB | 2.4% | ETA 3:25:58
[train] batch 32/32 | epoch 13/540 | loss 2.67777 | lr 4.665e-03 | grad 2.950 | data-wait 0.0% | tok/s 342,605.7 | gpu(max) 1.11/23.65 GiB | 2.4% | ETA 3:25:45
[train] batch 4/32 | epoch 14/540 | loss 2.29468 | lr 4.665e-03 | grad 5.607 | data-wait 0.8% | tok/s 331,183.9 | gpu(max) 1.11/23.65 GiB | 2.4% | ETA 3:25:35
[train] batch 8/32 | epoch 14/540 | loss 2.04113 | lr 4.665e-03 | grad 8.706 | data-wait 0.2% | tok/s 345,821.5 | gpu(max) 1.11/23.65 GiB | 2.5% | ETA 3:25:22
[train] batch 12/32 | epoch 14/540 | loss 2.15475 | lr 4.665e-03 | grad 39.227 | data-wait 0.2% | tok/s 343,140.9 | gpu(max) 1.11/23.65 GiB | 2.5% | ETA 3:25:09
[train] batch 16/32 | epoch 14/540 | loss 2.47811 | lr 4.665e-03 | grad 888.723 | data-wait 0.2% | tok/s 339,926.3 | gpu(max) 1.11/23.65 GiB | 2.5% | ETA 3:24:57
[train] batch 20/32 | epoch 14/540 | loss 3.05344 | lr 4.665e-03 | grad 119.548 | data-wait 0.2% | tok/s 337,187.2 | gpu(max) 1.11/23.65 GiB | 2.5% | ETA 3:24:47
[train] batch 24/32 | epoch 14/540 | loss 3.76041 | lr 4.665e-03 | grad 1,223.878 | data-wait 0.2% | tok/s 340,518.7 | gpu(max) 1.11/23.65 GiB | 2.5% | ETA 3:24:35
[train] batch 28/32 | epoch 14/540 | loss 5.31226 | lr 4.665e-03 | grad 3,785.693 | data-wait 0.1% | tok/s 342,139.8 | gpu(max) 1.11/23.65 GiB | 2.6% | ETA 3:24:23
[train] batch 32/32 | epoch 14/540 | loss 5.67009 | lr 4.665e-03 | grad 2,571.631 | data-wait 0.0% | tok/s 340,100.0 | gpu(max) 1.11/23.65 GiB | 2.6% | ETA 3:24:12
[train] batch 4/32 | epoch 15/540 | loss 5.67868 | lr 4.665e-03 | grad 27,809.594 | data-wait 0.8% | tok/s 333,796.9 | gpu(max) 1.11/23.65 GiB | 2.6% | ETA 3:24:03
[train] batch 8/32 | epoch 15/540 | loss 5.86962 | lr 4.665e-03 | grad 2,218.379 | data-wait 0.2% | tok/s 339,355.2 | gpu(max) 1.11/23.65 GiB | 2.6% | ETA 3:23:53
[train] batch 12/32 | epoch 15/540 | loss 5.51194 | lr 4.665e-03 | grad 176.955 | data-wait 0.2% | tok/s 342,678.6 | gpu(max) 1.11/23.65 GiB | 2.7% | ETA 3:23:41
[train] batch 16/32 | epoch 15/540 | loss 5.16325 | lr 4.664e-03 | grad 251.855 | data-wait 0.2% | tok/s 343,003.4 | gpu(max) 1.11/23.65 GiB | 2.7% | ETA 3:23:30
[train] batch 20/32 | epoch 15/540 | loss 5.14464 | lr 4.664e-03 | grad 125.468 | data-wait 0.2% | tok/s 342,973.0 | gpu(max) 1.11/23.65 GiB | 2.7% | ETA 3:23:19
[train] batch 24/32 | epoch 15/540 | loss 4.92815 | lr 4.664e-03 | grad 120.949 | data-wait 0.2% | tok/s 343,834.9 | gpu(max) 1.11/23.65 GiB | 2.7% | ETA 3:23:08
[train] batch 28/32 | epoch 15/540 | loss 4.97800 | lr 4.664e-03 | grad 153.267 | data-wait 0.1% | tok/s 342,975.8 | gpu(max) 1.11/23.65 GiB | 2.8% | ETA 3:22:57
[train] batch 32/32 | epoch 15/540 | loss 4.83628 | lr 4.664e-03 | grad 44.032 | data-wait 0.0% | tok/s 343,290.7 | gpu(max) 1.11/23.65 GiB | 2.8% | ETA 3:22:46
[train] batch 4/32 | epoch 16/540 | loss 4.61665 | lr 4.664e-03 | grad 38.948 | data-wait 0.7% | tok/s 332,904.8 | gpu(max) 1.11/23.65 GiB | 2.8% | ETA 3:22:38
[train] batch 8/32 | epoch 16/540 | loss 4.54117 | lr 4.664e-03 | grad 40.795 | data-wait 0.2% | tok/s 341,846.7 | gpu(max) 1.11/23.65 GiB | 2.8% | ETA 3:22:28
[train] batch 12/32 | epoch 16/540 | loss 4.73276 | lr 4.664e-03 | grad 218.647 | data-wait 0.2% | tok/s 344,641.7 | gpu(max) 1.11/23.65 GiB | 2.8% | ETA 3:22:17
[train] batch 16/32 | epoch 16/540 | loss 4.89620 | lr 4.664e-03 | grad 413.385 | data-wait 0.2% | tok/s 343,063.3 | gpu(max) 1.11/23.65 GiB | 2.9% | ETA 3:22:07
[train] batch 20/32 | epoch 16/540 | loss 4.84554 | lr 4.664e-03 | grad 1,286.401 | data-wait 0.2% | tok/s 342,967.3 | gpu(max) 1.11/23.65 GiB | 2.9% | ETA 3:21:57
[train] batch 24/32 | epoch 16/540 | loss 5.32753 | lr 4.664e-03 | grad 4,921.106 | data-wait 0.2% | tok/s 344,355.7 | gpu(max) 1.11/23.65 GiB | 2.9% | ETA 3:21:47
[train] batch 28/32 | epoch 16/540 | loss 5.41460 | lr 4.664e-03 | grad 2,521.245 | data-wait 0.1% | tok/s 345,594.0 | gpu(max) 1.11/23.65 GiB | 2.9% | ETA 3:21:36
[train] batch 32/32 | epoch 16/540 | loss 5.44335 | lr 4.664e-03 | grad 1,325.497 | data-wait 0.0% | tok/s 345,051.2 | gpu(max) 1.11/23.65 GiB | 3.0% | ETA 3:21:26
[train] batch 4/32 | epoch 17/540 | loss 5.47521 | lr 4.663e-03 | grad 3,002.784 | data-wait 0.8% | tok/s 331,069.8 | gpu(max) 1.11/23.65 GiB | 3.0% | ETA 3:21:19
[train] batch 8/32 | epoch 17/540 | loss 5.88175 | lr 4.663e-03 | grad 20,271.234 | data-wait 0.2% | tok/s 345,017.2 | gpu(max) 1.11/23.65 GiB | 3.0% | ETA 3:21:09
[train] batch 12/32 | epoch 17/540 | loss 6.35905 | lr 4.663e-03 | grad 17,189.596 | data-wait 0.2% | tok/s 345,240.8 | gpu(max) 1.11/23.65 GiB | 3.0% | ETA 3:20:59
[train] batch 16/32 | epoch 17/540 | loss 6.01388 | lr 4.663e-03 | grad 731.061 | data-wait 0.2% | tok/s 345,164.6 | gpu(max) 1.11/23.65 GiB | 3.1% | ETA 3:20:49
[train] batch 20/32 | epoch 17/540 | loss 5.46236 | lr 4.663e-03 | grad 67.256 | data-wait 0.3% | tok/s 344,550.0 | gpu(max) 1.11/23.65 GiB | 3.1% | ETA 3:20:40
[train] batch 24/32 | epoch 17/540 | loss 5.06158 | lr 4.663e-03 | grad 30.574 | data-wait 0.2% | tok/s 342,559.2 | gpu(max) 1.11/23.65 GiB | 3.1% | ETA 3:20:31
[train] batch 28/32 | epoch 17/540 | loss 4.81311 | lr 4.663e-03 | grad 15.129 | data-wait 0.1% | tok/s 342,737.7 | gpu(max) 1.11/23.65 GiB | 3.1% | ETA 3:20:22
[train] batch 32/32 | epoch 17/540 | loss 4.57715 | lr 4.663e-03 | grad 2.836 | data-wait 0.0% | tok/s 343,158.3 | gpu(max) 1.11/23.65 GiB | 3.1% | ETA 3:20:13
[train] batch 4/32 | epoch 18/540 | loss 4.27802 | lr 4.663e-03 | grad 5.142 | data-wait 0.6% | tok/s 325,375.7 | gpu(max) 1.11/23.65 GiB | 3.2% | ETA 3:20:08
[train] batch 8/32 | epoch 18/540 | loss 3.96257 | lr 4.663e-03 | grad 3.942 | data-wait 0.2% | tok/s 342,506.8 | gpu(max) 1.11/23.65 GiB | 3.2% | ETA 3:20:00
[train] batch 12/32 | epoch 18/540 | loss 3.65339 | lr 4.663e-03 | grad 6.790 | data-wait 0.2% | tok/s 343,334.2 | gpu(max) 1.11/23.65 GiB | 3.2% | ETA 3:19:51
[train] batch 16/32 | epoch 18/540 | loss 3.45239 | lr 4.662e-03 | grad 14.014 | data-wait 0.3% | tok/s 344,216.8 | gpu(max) 1.11/23.65 GiB | 3.2% | ETA 3:19:42
[train] batch 20/32 | epoch 18/540 | loss 3.36279 | lr 4.662e-03 | grad 26.898 | data-wait 0.2% | tok/s 341,995.8 | gpu(max) 1.11/23.65 GiB | 3.3% | ETA 3:19:34
[train] batch 24/32 | epoch 18/540 | loss 3.47049 | lr 4.662e-03 | grad 21.608 | data-wait 0.2% | tok/s 344,542.5 | gpu(max) 1.11/23.65 GiB | 3.3% | ETA 3:19:25
[train] batch 28/32 | epoch 18/540 | loss 3.40860 | lr 4.662e-03 | grad 45.677 | data-wait 0.1% | tok/s 343,979.2 | gpu(max) 1.11/23.65 GiB | 3.3% | ETA 3:19:16
[train] batch 32/32 | epoch 18/540 | loss 3.55094 | lr 4.662e-03 | grad 4,725.428 | data-wait 0.0% | tok/s 344,677.9 | gpu(max) 1.11/23.65 GiB | 3.3% | ETA 3:19:07
[train] batch 4/32 | epoch 19/540 | loss 3.95396 | lr 4.662e-03 | grad 778.965 | data-wait 0.8% | tok/s 338,106.8 | gpu(max) 1.11/23.65 GiB | 3.4% | ETA 3:19:00
[train] batch 8/32 | epoch 19/540 | loss 4.66514 | lr 4.662e-03 | grad 1,551.604 | data-wait 0.2% | tok/s 345,334.3 | gpu(max) 1.11/23.65 GiB | 3.4% | ETA 3:18:52
[train] batch 12/32 | epoch 19/540 | loss 5.39762 | lr 4.662e-03 | grad 6,838.942 | data-wait 0.2% | tok/s 344,446.0 | gpu(max) 1.11/23.65 GiB | 3.4% | ETA 3:18:43
[train] batch 16/32 | epoch 19/540 | loss 5.81194 | lr 4.662e-03 | grad 7,304.747 | data-wait 0.2% | tok/s 343,713.3 | gpu(max) 1.11/23.65 GiB | 3.4% | ETA 3:18:35
[train] batch 20/32 | epoch 19/540 | loss 6.35298 | lr 4.662e-03 | grad 14,082.381 | data-wait 0.2% | tok/s 345,841.8 | gpu(max) 1.11/23.65 GiB | 3.4% | ETA 3:18:27
[train] batch 24/32 | epoch 19/540 | loss 6.57852 | lr 4.661e-03 | grad 13,944.612 | data-wait 0.2% | tok/s 340,807.2 | gpu(max) 1.11/23.65 GiB | 3.5% | ETA 3:18:19
[train] batch 28/32 | epoch 19/540 | loss 6.69834 | lr 4.661e-03 | grad 4,159.449 | data-wait 0.1% | tok/s 339,432.9 | gpu(max) 1.11/23.65 GiB | 3.5% | ETA 3:18:12
[train] batch 32/32 | epoch 19/540 | loss 6.67656 | lr 4.661e-03 | grad 3,002.633 | data-wait 0.0% | tok/s 341,315.2 | gpu(max) 1.11/23.65 GiB | 3.5% | ETA 3:18:05
[train] batch 4/32 | epoch 20/540 | loss 6.83801 | lr 4.661e-03 | grad 7,494.488 | data-wait 0.5% | tok/s 336,635.6 | gpu(max) 1.11/23.65 GiB | 3.5% | ETA 3:17:59
[train] batch 8/32 | epoch 20/540 | loss 6.84400 | lr 4.661e-03 | grad 2,845.621 | data-wait 0.2% | tok/s 342,983.3 | gpu(max) 1.11/23.65 GiB | 3.6% | ETA 3:17:51
[train] batch 12/32 | epoch 20/540 | loss 6.85648 | lr 4.661e-03 | grad 1,939.407 | data-wait 0.2% | tok/s 345,264.8 | gpu(max) 1.11/23.65 GiB | 3.6% | ETA 3:17:43
[train] batch 16/32 | epoch 20/540 | loss 7.00926 | lr 4.661e-03 | grad 3,868.185 | data-wait 0.2% | tok/s 342,429.4 | gpu(max) 1.11/23.65 GiB | 3.6% | ETA 3:17:36
[train] batch 20/32 | epoch 20/540 | loss 7.57066 | lr 4.661e-03 | grad 7,317.000 | data-wait 0.2% | tok/s 339,607.4 | gpu(max) 1.11/23.65 GiB | 3.6% | ETA 3:17:29
[train] batch 24/32 | epoch 20/540 | loss 8.08375 | lr 4.660e-03 | grad 17,306.340 | data-wait 0.3% | tok/s 345,836.8 | gpu(max) 1.11/23.65 GiB | 3.7% | ETA 3:17:21
[train] batch 28/32 | epoch 20/540 | loss 8.36101 | lr 4.660e-03 | grad 34,694.750 | data-wait 0.1% | tok/s 345,712.9 | gpu(max) 1.11/23.65 GiB | 3.7% | ETA 3:17:13
[train] batch 32/32 | epoch 20/540 | loss 8.40068 | lr 4.660e-03 | grad 9,039,990.000 | data-wait 0.0% | tok/s 343,410.7 | gpu(max) 1.11/23.65 GiB | 3.7% | ETA 3:17:06
[checkpoint] saved artifacts/synbios_moe/checkpoints/synbios_moe_single_fsdp_4gpu/epoch_000020_step_000000640 (model+optimizer state)
[train] batch 4/32 | epoch 21/540 | loss 8.38350 | lr 4.660e-03 | grad 90,403.375 | data-wait 0.1% | tok/s 31,019.8 | gpu(max) 1.11/23.65 GiB | 3.7% | ETA 3:28:34
[train] batch 8/32 | epoch 21/540 | loss 8.28583 | lr 4.660e-03 | grad 103,562.016 | data-wait 0.3% | tok/s 358,202.8 | gpu(max) 1.11/23.65 GiB | 3.8% | ETA 3:28:19
[train] batch 12/32 | epoch 21/540 | loss 8.48470 | lr 4.660e-03 | grad 351,756.969 | data-wait 0.2% | tok/s 358,579.9 | gpu(max) 1.11/23.65 GiB | 3.8% | ETA 3:28:05
[train] batch 16/32 | epoch 21/540 | loss 8.76037 | lr 4.660e-03 | grad 172,488.531 | data-wait 0.2% | tok/s 356,653.0 | gpu(max) 1.11/23.65 GiB | 3.8% | ETA 3:27:51
[train] batch 20/32 | epoch 21/540 | loss 8.73261 | lr 4.660e-03 | grad 55,958.414 | data-wait 0.2% | tok/s 355,966.8 | gpu(max) 1.11/23.65 GiB | 3.8% | ETA 3:27:37
[train] batch 24/32 | epoch 21/540 | loss 8.84054 | lr 4.659e-03 | grad 66,847.102 | data-wait 0.2% | tok/s 357,325.4 | gpu(max) 1.11/23.65 GiB | 3.8% | ETA 3:27:23
[train] batch 28/32 | epoch 21/540 | loss 8.83221 | lr 4.659e-03 | grad 4,385,152.000 | data-wait 0.2% | tok/s 357,228.0 | gpu(max) 1.11/23.65 GiB | 3.9% | ETA 3:27:10
[train] batch 32/32 | epoch 21/540 | loss 8.79460 | lr 4.659e-03 | grad 22,418.332 | data-wait 0.0% | tok/s 358,045.6 | gpu(max) 1.11/23.65 GiB | 3.9% | ETA 3:26:56
[train] batch 4/32 | epoch 22/540 | loss 8.93660 | lr 4.659e-03 | grad 10,576.186 | data-wait 0.7% | tok/s 346,620.0 | gpu(max) 1.11/23.65 GiB | 3.9% | ETA 3:26:45
[train] batch 8/32 | epoch 22/540 | loss 9.34758 | lr 4.659e-03 | grad 418,828.188 | data-wait 0.2% | tok/s 355,601.5 | gpu(max) 1.11/23.65 GiB | 3.9% | ETA 3:26:32
[train] batch 12/32 | epoch 22/540 | loss 10.06882 | lr 4.659e-03 | grad 204,635.391 | data-wait 0.2% | tok/s 350,479.8 | gpu(max) 1.11/23.65 GiB | 4.0% | ETA 3:26:20
[train] batch 16/32 | epoch 22/540 | loss 10.49843 | lr 4.659e-03 | grad 8,663.482 | data-wait 0.2% | tok/s 348,707.0 | gpu(max) 1.11/23.65 GiB | 4.0% | ETA 3:26:08
[train] batch 20/32 | epoch 22/540 | loss 10.91555 | lr 4.659e-03 | grad 8,239.457 | data-wait 0.2% | tok/s 344,083.8 | gpu(max) 1.11/23.65 GiB | 4.0% | ETA 3:25:58
[train] batch 24/32 | epoch 22/540 | loss 11.01794 | lr 4.658e-03 | grad 7,035.748 | data-wait 0.2% | tok/s 343,515.1 | gpu(max) 1.11/23.65 GiB | 4.0% | ETA 3:25:47
[train] batch 28/32 | epoch 22/540 | loss 10.82951 | lr 4.658e-03 | grad 6,265.355 | data-wait 0.1% | tok/s 342,639.8 | gpu(max) 1.11/23.65 GiB | 4.1% | ETA 3:25:37
[train] batch 32/32 | epoch 22/540 | loss 10.23913 | lr 4.658e-03 | grad 9,481.486 | data-wait 0.0% | tok/s 343,883.8 | gpu(max) 1.11/23.65 GiB | 4.1% | ETA 3:25:27
[train] batch 4/32 | epoch 23/540 | loss 9.54339 | lr 4.658e-03 | grad 3,965.987 | data-wait 0.7% | tok/s 337,224.0 | gpu(max) 1.11/23.65 GiB | 4.1% | ETA 3:25:18
[train] batch 8/32 | epoch 23/540 | loss 8.74254 | lr 4.658e-03 | grad 3,685.426 | data-wait 0.2% | tok/s 340,899.9 | gpu(max) 1.11/23.65 GiB | 4.1% | ETA 3:25:09
[train] batch 12/32 | epoch 23/540 | loss 8.02686 | lr 4.658e-03 | grad 3,600.994 | data-wait 0.3% | tok/s 342,485.6 | gpu(max) 1.11/23.65 GiB | 4.1% | ETA 3:24:59
[train] batch 16/32 | epoch 23/540 | loss 7.63935 | lr 4.658e-03 | grad 1,667.298 | data-wait 0.2% | tok/s 343,258.3 | gpu(max) 1.11/23.65 GiB | 4.2% | ETA 3:24:49
[train] batch 20/32 | epoch 23/540 | loss 7.10946 | lr 4.657e-03 | grad 1,108.977 | data-wait 0.2% | tok/s 342,809.8 | gpu(max) 1.11/23.65 GiB | 4.2% | ETA 3:24:39
[train] batch 24/32 | epoch 23/540 | loss 6.60834 | lr 4.657e-03 | grad 45,488.977 | data-wait 0.2% | tok/s 342,573.6 | gpu(max) 1.11/23.65 GiB | 4.2% | ETA 3:24:30
[train] batch 28/32 | epoch 23/540 | loss 6.22679 | lr 4.657e-03 | grad 1,016.542 | data-wait 0.1% | tok/s 343,471.4 | gpu(max) 1.11/23.65 GiB | 4.2% | ETA 3:24:20
[train] batch 32/32 | epoch 23/540 | loss 5.98384 | lr 4.657e-03 | grad 363.819 | data-wait 0.0% | tok/s 336,442.4 | gpu(max) 1.11/23.65 GiB | 4.3% | ETA 3:24:12
[train] batch 4/32 | epoch 24/540 | loss 5.77489 | lr 4.657e-03 | grad 364.736 | data-wait 0.8% | tok/s 335,141.4 | gpu(max) 1.11/23.65 GiB | 4.3% | ETA 3:24:04
[train] batch 8/32 | epoch 24/540 | loss 5.72207 | lr 4.657e-03 | grad 393.963 | data-wait 0.2% | tok/s 339,877.1 | gpu(max) 1.11/23.65 GiB | 4.3% | ETA 3:23:55
[train] batch 12/32 | epoch 24/540 | loss 5.77045 | lr 4.657e-03 | grad 856.389 | data-wait 0.2% | tok/s 341,654.6 | gpu(max) 1.11/23.65 GiB | 4.3% | ETA 3:23:46
[train] batch 16/32 | epoch 24/540 | loss 5.66675 | lr 4.656e-03 | grad 124.739 | data-wait 0.2% | tok/s 341,442.7 | gpu(max) 1.11/23.65 GiB | 4.4% | ETA 3:23:37
[train] batch 20/32 | epoch 24/540 | loss 5.44785 | lr 4.656e-03 | grad 128.762 | data-wait 0.2% | tok/s 345,664.0 | gpu(max) 1.11/23.65 GiB | 4.4% | ETA 3:23:28
[train] batch 24/32 | epoch 24/540 | loss 5.57315 | lr 4.656e-03 | grad 1,374.772 | data-wait 0.2% | tok/s 345,217.1 | gpu(max) 1.11/23.65 GiB | 4.4% | ETA 3:23:18
[train] batch 28/32 | epoch 24/540 | loss 5.73482 | lr 4.656e-03 | grad 368.265 | data-wait 0.1% | tok/s 345,000.8 | gpu(max) 1.11/23.65 GiB | 4.4% | ETA 3:23:09
[train] batch 32/32 | epoch 24/540 | loss 5.41021 | lr 4.656e-03 | grad 295.978 | data-wait 0.0% | tok/s 339,280.7 | gpu(max) 1.11/23.65 GiB | 4.4% | ETA 3:23:01
[train] batch 4/32 | epoch 25/540 | loss 5.30958 | lr 4.656e-03 | grad 1,472.630 | data-wait 0.8% | tok/s 336,635.0 | gpu(max) 1.11/23.65 GiB | 4.5% | ETA 3:22:53
[train] batch 8/32 | epoch 25/540 | loss 5.23197 | lr 4.655e-03 | grad 782.352 | data-wait 0.2% | tok/s 346,225.5 | gpu(max) 1.11/23.65 GiB | 4.5% | ETA 3:22:44
[train] batch 12/32 | epoch 25/540 | loss 5.21690 | lr 4.655e-03 | grad 264.441 | data-wait 0.2% | tok/s 348,607.4 | gpu(max) 1.11/23.65 GiB | 4.5% | ETA 3:22:34
[train] batch 16/32 | epoch 25/540 | loss 5.21606 | lr 4.655e-03 | grad 636.466 | data-wait 0.2% | tok/s 347,200.1 | gpu(max) 1.11/23.65 GiB | 4.5% | ETA 3:22:25
[train] batch 20/32 | epoch 25/540 | loss 5.17594 | lr 4.655e-03 | grad 309.786 | data-wait 0.2% | tok/s 349,115.1 | gpu(max) 1.11/23.65 GiB | 4.6% | ETA 3:22:15
[train] batch 24/32 | epoch 25/540 | loss 5.13462 | lr 4.655e-03 | grad 183.656 | data-wait 0.2% | tok/s 349,780.8 | gpu(max) 1.11/23.65 GiB | 4.6% | ETA 3:22:05
[train] batch 28/32 | epoch 25/540 | loss 5.10408 | lr 4.655e-03 | grad 959.541 | data-wait 0.1% | tok/s 344,472.8 | gpu(max) 1.11/23.65 GiB | 4.6% | ETA 3:21:57
[train] batch 32/32 | epoch 25/540 | loss 5.15029 | lr 4.655e-03 | grad 1,704.050 | data-wait 0.0% | tok/s 344,714.3 | gpu(max) 1.11/23.65 GiB | 4.6% | ETA 3:21:48
[train] batch 4/32 | epoch 26/540 | loss 5.18983 | lr 4.654e-03 | grad 13,757.161 | data-wait 0.7% | tok/s 331,790.0 | gpu(max) 1.11/23.65 GiB | 4.7% | ETA 3:21:41
[train] batch 8/32 | epoch 26/540 | loss 5.28814 | lr 4.654e-03 | grad 49,498.809 | data-wait 0.2% | tok/s 342,827.9 | gpu(max) 1.11/23.65 GiB | 4.7% | ETA 3:21:33
[train] batch 12/32 | epoch 26/540 | loss 5.31506 | lr 4.654e-03 | grad 33,557.648 | data-wait 0.2% | tok/s 342,431.7 | gpu(max) 1.11/23.65 GiB | 4.7% | ETA 3:21:25
[train] batch 16/32 | epoch 26/540 | loss 5.32040 | lr 4.654e-03 | grad 10,254.840 | data-wait 0.2% | tok/s 345,527.0 | gpu(max) 1.11/23.65 GiB | 4.7% | ETA 3:21:16
[train] batch 20/32 | epoch 26/540 | loss 5.39073 | lr 4.654e-03 | grad 11,886.140 | data-wait 0.2% | tok/s 346,728.2 | gpu(max) 1.11/23.65 GiB | 4.7% | ETA 3:21:08
[train] batch 24/32 | epoch 26/540 | loss 5.42136 | lr 4.653e-03 | grad 20,572.701 | data-wait 0.2% | tok/s 345,718.1 | gpu(max) 1.11/23.65 GiB | 4.8% | ETA 3:20:59
[train] batch 28/32 | epoch 26/540 | loss 5.45878 | lr 4.653e-03 | grad 17,135.668 | data-wait 0.1% | tok/s 344,775.8 | gpu(max) 1.11/23.65 GiB | 4.8% | ETA 3:20:51
[train] batch 32/32 | epoch 26/540 | loss 5.59820 | lr 4.653e-03 | grad 14,524.807 | data-wait 0.0% | tok/s 344,327.0 | gpu(max) 1.11/23.65 GiB | 4.8% | ETA 3:20:43
[train] batch 4/32 | epoch 27/540 | loss 5.91579 | lr 4.653e-03 | grad 12,020.669 | data-wait 0.6% | tok/s 332,147.2 | gpu(max) 1.11/23.65 GiB | 4.8% | ETA 3:20:37
[train] batch 8/32 | epoch 27/540 | loss 6.21903 | lr 4.653e-03 | grad 2,910.554 | data-wait 0.2% | tok/s 344,145.7 | gpu(max) 1.11/23.65 GiB | 4.9% | ETA 3:20:29
[train] batch 12/32 | epoch 27/540 | loss 6.07768 | lr 4.653e-03 | grad 1,321.735 | data-wait 0.2% | tok/s 344,054.1 | gpu(max) 1.11/23.65 GiB | 4.9% | ETA 3:20:21
[train] batch 16/32 | epoch 27/540 | loss 6.27913 | lr 4.652e-03 | grad 1,443.075 | data-wait 0.2% | tok/s 349,273.1 | gpu(max) 1.11/23.65 GiB | 4.9% | ETA 3:20:12
[train] batch 20/32 | epoch 27/540 | loss 6.36094 | lr 4.652e-03 | grad 1,899.666 | data-wait 0.2% | tok/s 346,634.9 | gpu(max) 1.11/23.65 GiB | 4.9% | ETA 3:20:04
[train] batch 24/32 | epoch 27/540 | loss 5.69878 | lr 4.652e-03 | grad 233.392 | data-wait 0.2% | tok/s 339,523.8 | gpu(max) 1.11/23.65 GiB | 5.0% | ETA 3:19:56
[train] batch 28/32 | epoch 27/540 | loss 5.50281 | lr 4.652e-03 | grad 728.379 | data-wait 0.1% | tok/s 349,696.7 | gpu(max) 1.11/23.65 GiB | 5.0% | ETA 3:19:48
[train] batch 32/32 | epoch 27/540 | loss 5.34211 | lr 4.652e-03 | grad 593.730 | data-wait 0.0% | tok/s 346,365.7 | gpu(max) 1.11/23.65 GiB | 5.0% | ETA 3:19:40
[train] batch 4/32 | epoch 28/540 | loss 5.24798 | lr 4.652e-03 | grad 637.639 | data-wait 0.6% | tok/s 334,820.6 | gpu(max) 1.11/23.65 GiB | 5.0% | ETA 3:19:33
[train] batch 8/32 | epoch 28/540 | loss 5.22512 | lr 4.651e-03 | grad 1,281.989 | data-wait 0.2% | tok/s 349,460.0 | gpu(max) 1.11/23.65 GiB | 5.0% | ETA 3:19:25
[train] batch 12/32 | epoch 28/540 | loss 5.22462 | lr 4.651e-03 | grad 1,845.237 | data-wait 0.2% | tok/s 348,857.8 | gpu(max) 1.11/23.65 GiB | 5.1% | ETA 3:19:17
[train] batch 16/32 | epoch 28/540 | loss 5.22921 | lr 4.651e-03 | grad 4,496.975 | data-wait 0.2% | tok/s 347,035.7 | gpu(max) 1.11/23.65 GiB | 5.1% | ETA 3:19:09
[train] batch 20/32 | epoch 28/540 | loss 5.25110 | lr 4.651e-03 | grad 3,436.352 | data-wait 0.2% | tok/s 344,739.2 | gpu(max) 1.11/23.65 GiB | 5.1% | ETA 3:19:01
[train] batch 24/32 | epoch 28/540 | loss 5.33957 | lr 4.651e-03 | grad 3,681.864 | data-wait 0.2% | tok/s 345,503.0 | gpu(max) 1.11/23.65 GiB | 5.1% | ETA 3:18:53
[train] batch 28/32 | epoch 28/540 | loss 5.34603 | lr 4.650e-03 | grad 3,957.787 | data-wait 0.1% | tok/s 345,854.7 | gpu(max) 1.11/23.65 GiB | 5.2% | ETA 3:18:46
[train] batch 32/32 | epoch 28/540 | loss 5.33402 | lr 4.650e-03 | grad 9,952.373 | data-wait 0.0% | tok/s 347,566.7 | gpu(max) 1.11/23.65 GiB | 5.2% | ETA 3:18:38
[train] batch 4/32 | epoch 29/540 | loss 5.33575 | lr 4.650e-03 | grad 6,957.885 | data-wait 0.7% | tok/s 330,805.7 | gpu(max) 1.11/23.65 GiB | 5.2% | ETA 3:18:32
[train] batch 8/32 | epoch 29/540 | loss 5.31608 | lr 4.650e-03 | grad 2,367.020 | data-wait 0.2% | tok/s 346,788.8 | gpu(max) 1.11/23.65 GiB | 5.2% | ETA 3:18:25
[train] batch 12/32 | epoch 29/540 | loss 5.29131 | lr 4.650e-03 | grad 2,035.416 | data-wait 0.2% | tok/s 346,244.4 | gpu(max) 1.11/23.65 GiB | 5.3% | ETA 3:18:17
[train] batch 16/32 | epoch 29/540 | loss 5.28788 | lr 4.649e-03 | grad 5,443.381 | data-wait 0.2% | tok/s 345,396.5 | gpu(max) 1.11/23.65 GiB | 5.3% | ETA 3:18:10
[train] batch 20/32 | epoch 29/540 | loss 5.31057 | lr 4.649e-03 | grad 3,253.280 | data-wait 0.2% | tok/s 348,803.2 | gpu(max) 1.11/23.65 GiB | 5.3% | ETA 3:18:02
[train] batch 24/32 | epoch 29/540 | loss 5.31275 | lr 4.649e-03 | grad 7,925.154 | data-wait 0.2% | tok/s 345,905.9 | gpu(max) 1.11/23.65 GiB | 5.3% | ETA 3:17:55
[train] batch 28/32 | epoch 29/540 | loss 5.28589 | lr 4.649e-03 | grad 1,134.267 | data-wait 0.2% | tok/s 346,180.1 | gpu(max) 1.11/23.65 GiB | 5.3% | ETA 3:17:47
[train] batch 32/32 | epoch 29/540 | loss 5.21755 | lr 4.649e-03 | grad 926.232 | data-wait 0.0% | tok/s 345,839.8 | gpu(max) 1.11/23.65 GiB | 5.4% | ETA 3:17:40
[train] batch 4/32 | epoch 30/540 | loss 5.18053 | lr 4.648e-03 | grad 1,060.146 | data-wait 0.9% | tok/s 326,990.3 | gpu(max) 1.11/23.65 GiB | 5.4% | ETA 3:17:35
[train] batch 8/32 | epoch 30/540 | loss 5.18195 | lr 4.648e-03 | grad 1,592.867 | data-wait 0.2% | tok/s 345,137.4 | gpu(max) 1.11/23.65 GiB | 5.4% | ETA 3:17:28
[train] batch 12/32 | epoch 30/540 | loss 5.20432 | lr 4.648e-03 | grad 669.777 | data-wait 0.2% | tok/s 347,329.7 | gpu(max) 1.11/23.65 GiB | 5.4% | ETA 3:17:21
[train] batch 16/32 | epoch 30/540 | loss 5.20945 | lr 4.648e-03 | grad 801.480 | data-wait 0.2% | tok/s 340,912.7 | gpu(max) 1.11/23.65 GiB | 5.5% | ETA 3:17:14
[train] batch 20/32 | epoch 30/540 | loss 5.34487 | lr 4.648e-03 | grad 1,150.113 | data-wait 0.2% | tok/s 345,701.9 | gpu(max) 1.11/23.65 GiB | 5.5% | ETA 3:17:07
[train] batch 24/32 | epoch 30/540 | loss 5.32636 | lr 4.647e-03 | grad 881.288 | data-wait 0.2% | tok/s 335,733.8 | gpu(max) 1.11/23.65 GiB | 5.5% | ETA 3:17:02
[train] batch 28/32 | epoch 30/540 | loss 5.34054 | lr 4.647e-03 | grad 1,438.071 | data-wait 0.1% | tok/s 347,710.2 | gpu(max) 1.11/23.65 GiB | 5.5% | ETA 3:16:54
[train] batch 32/32 | epoch 30/540 | loss 5.37966 | lr 4.647e-03 | grad 1,411.646 | data-wait 0.0% | tok/s 351,458.2 | gpu(max) 1.11/23.65 GiB | 5.6% | ETA 3:16:47
[checkpoint] saved artifacts/synbios_moe/checkpoints/synbios_moe_single_fsdp_4gpu/epoch_000030_step_000000960 (model+optimizer state)
