{
  "timestamp_utc": "2026-07-20T19:52:01.167962+00:00",
  "hostname": "ml-ubuntu22-04-desktop-v3-2-128gb-25m",
  "platform": "Linux-5.15.0-72-generic-x86_64-with-glibc2.35",
  "python": "3.10.12 (main, Jun 22 2026, 18:55:27) [GCC 11.4.0]",
  "cpu_count": 44,
  "torch": "2.5.1+cu118",
  "cuda": "11.8",
  "nvidia_smi": "GPU 0: NVIDIA GeForce RTX 4090 (UUID: GPU-800e09d3-f879-3678-3a81-d0b5be4877f4)\nGPU 1: NVIDIA GeForce RTX 4090 (UUID: GPU-0caa5d5c-3a92-327e-6a71-f81c81521bca)\nGPU 2: NVIDIA GeForce RTX 4090 (UUID: GPU-c1d23de5-ac10-5852-c4f5-8fa33b1bd368)\nGPU 3: NVIDIA GeForce RTX 4090 (UUID: GPU-2baa5c33-c7d5-2ce5-7953-44529fffab63)",
  "gpu_inventory": "0, NVIDIA GeForce RTX 4090, 24564 MiB, 525.105.17, 00000000:29:00.0\n1, NVIDIA GeForce RTX 4090, 24564 MiB, 525.105.17, 00000000:2C:00.0\n2, NVIDIA GeForce RTX 4090, 24564 MiB, 525.105.17, 00000000:2F:00.0\n3, NVIDIA GeForce RTX 4090, 24564 MiB, 525.105.17, 00000000:32:00.0",
  "topology": "\u001b[4mGPU0\tGPU1\tGPU2\tGPU3\tCPU Affinity\tNUMA Affinity\u001b[0m\nGPU0\t X \tSYS\tSYS\tSYS\t0-10\t0\nGPU1\tSYS\t X \tSYS\tSYS\t11-21\t1\nGPU2\tSYS\tSYS\t X \tSYS\t22-32\t2\nGPU3\tSYS\tSYS\tSYS\t X \t33-43\t3\n\nLegend:\n\n  X    = Self\n  SYS  = Connection traversing PCIe as well as the SMP interconnect between NUMA nodes (e.g., QPI/UPI)\n  NODE = Connection traversing PCIe as well as the interconnect between PCIe Host Bridges within a NUMA node\n  PHB  = Connection traversing PCIe as well as a PCIe Host Bridge (typically the CPU)\n  PXB  = Connection traversing multiple PCIe bridges (without traversing the PCIe Host Bridge)\n  PIX  = Connection traversing at most a single PCIe bridge\n  NV#  = Connection traversing a bonded set of # NVLinks",
  "git_commit": "bde795e3daae7b92be2a7a6e48c2e7ccb8d7bcb1",
  "git_status": "M .gitignore\n M docs/benchmarks/distributed_benchmark.md\n M scripts/run_dist_bench.py\n M tests/distributed_bench_utils.py\n M tests/distributed_server_benchmark.ipynb\n M tests/test_distributed_bench_utils.py\n?? AGENTS.md\n?? HISTORY.md\n?? results/\n?? scripts/bash/export_test_results.sh"
}
RUN /home/ubuntu/mini-train-sys/.venv/bin/python -m torch.distributed.run --standalone --nproc_per_node 4 scripts/run_dist_bench.py _worker --config configs/server/rtx4090_24gb/runs/fsdp_4gpu.yaml --model-config /home/ubuntu/mini-train-sys/configs/synbios_moe/model.yaml --batch-size 8 --warmup-steps 3 --measure-steps 5 --repeat 0 --case-identity b6a084defa9d1ae9120acf07b30a925ea70684243933ef8913112e1163bdbe76 --output artifacts/distributed_benchmark/synbios_moe_fsdp4/capacity_initial/raw/capacity_fsdp_4gpu_b8_r0.json
RUN /home/ubuntu/mini-train-sys/.venv/bin/python -m torch.distributed.run --standalone --nproc_per_node 4 scripts/run_dist_bench.py _worker --config configs/server/rtx4090_24gb/runs/fsdp_4gpu.yaml --model-config /home/ubuntu/mini-train-sys/configs/synbios_moe/model.yaml --batch-size 16 --warmup-steps 3 --measure-steps 5 --repeat 0 --case-identity 5785ce43806ac93738a7551adcb1e264bb2ab6eb3216c689a08f4634778fb655 --output artifacts/distributed_benchmark/synbios_moe_fsdp4/capacity_initial/raw/capacity_fsdp_4gpu_b16_r0.json
RUN /home/ubuntu/mini-train-sys/.venv/bin/python -m torch.distributed.run --standalone --nproc_per_node 4 scripts/run_dist_bench.py _worker --config configs/server/rtx4090_24gb/runs/fsdp_4gpu.yaml --model-config /home/ubuntu/mini-train-sys/configs/synbios_moe/model.yaml --batch-size 32 --warmup-steps 3 --measure-steps 5 --repeat 0 --case-identity 552e1bd4e85fe0b7284e6486ef6fa973d54b9587618962e85d52e9eaec2e1349 --output artifacts/distributed_benchmark/synbios_moe_fsdp4/capacity_initial/raw/capacity_fsdp_4gpu_b32_r0.json
RUN /home/ubuntu/mini-train-sys/.venv/bin/python -m torch.distributed.run --standalone --nproc_per_node 4 scripts/run_dist_bench.py _worker --config configs/server/rtx4090_24gb/runs/fsdp_4gpu.yaml --model-config /home/ubuntu/mini-train-sys/configs/synbios_moe/model.yaml --batch-size 64 --warmup-steps 3 --measure-steps 5 --repeat 0 --case-identity a0c04ddcc55ea0288f8b31ed0ae1bc69bde0ceb8396315cd8414b43e79c858c4 --output artifacts/distributed_benchmark/synbios_moe_fsdp4/capacity_initial/raw/capacity_fsdp_4gpu_b64_r0.json
RUN /home/ubuntu/mini-train-sys/.venv/bin/python -m torch.distributed.run --standalone --nproc_per_node 4 scripts/run_dist_bench.py _worker --config configs/server/rtx4090_24gb/runs/fsdp_4gpu.yaml --model-config /home/ubuntu/mini-train-sys/configs/synbios_moe/model.yaml --batch-size 128 --warmup-steps 3 --measure-steps 5 --repeat 0 --case-identity 241341e689d1c8d9473a23c94a72a3842dd15fb475f73326841f52c792777198 --output artifacts/distributed_benchmark/synbios_moe_fsdp4/capacity_initial/raw/capacity_fsdp_4gpu_b128_r0.json
RUN /home/ubuntu/mini-train-sys/.venv/bin/python -m torch.distributed.run --standalone --nproc_per_node 4 scripts/run_dist_bench.py _worker --config configs/server/rtx4090_24gb/runs/fsdp_4gpu.yaml --model-config /home/ubuntu/mini-train-sys/configs/synbios_moe/model.yaml --batch-size 256 --warmup-steps 3 --measure-steps 5 --repeat 0 --case-identity 3f9f23b215737c696e43400058255b40bd8745eaf3abd4ac008e20df4204b12b --output artifacts/distributed_benchmark/synbios_moe_fsdp4/capacity_initial/raw/capacity_fsdp_4gpu_b256_r0.json
RUN /home/ubuntu/mini-train-sys/.venv/bin/python -m torch.distributed.run --standalone --nproc_per_node 4 scripts/run_dist_bench.py _worker --config configs/server/rtx4090_24gb/runs/fsdp_4gpu.yaml --model-config /home/ubuntu/mini-train-sys/configs/synbios_moe/model.yaml --batch-size 512 --warmup-steps 3 --measure-steps 5 --repeat 0 --case-identity 0e45d53a15d0a401699c9918024ffcd70b7de2ac40ce535ab546fc996b42ca4b --output artifacts/distributed_benchmark/synbios_moe_fsdp4/capacity_initial/raw/capacity_fsdp_4gpu_b512_r0.json
completed=4 failed=3
